[08:50:29.964] Global cache location '/home/milena/.cache/typescript/4.7', safe file path '/home/milena/.emacs.d/.local/etc/lsp/npm/typescript/lib/node_modules/typescript/lib/typingSafeList.json', types map path /home/milena/.emacs.d/.local/etc/lsp/npm/typescript/lib/node_modules/typescript/lib/typesMap.json
[08:50:29.966] Processing cache location '/home/milena/.cache/typescript/4.7'
[08:50:29.966] Trying to find '/home/milena/.cache/typescript/4.7/package.json'...
[08:50:29.969] Loaded content of '/home/milena/.cache/typescript/4.7/package.json': {"private":true,"dependencies":{"types-registry":"^0.1.612"},"devDependencies":{"@types/babel__core":"^7.1.19","@types/babel__preset-env":"^7.9.2","@types/bcrypt":"^5.0.0","@types/bcryptjs":"^2.4.2","@types/body-parser":"^1.19.2","@types/co":"^4.6.3","@types/connect-timeout":"^0.0.36","@types/cors":"^2.8.12","@types/d":"^1.0.1","@types/dlv":"^1.1.2","@types/dot":"^1.1.5","@types/eslint":"^8.4.6","@types/express":"^4.17.13","@types/express-fileupload":"^1.4.1","@types/facepaint":"^1.2.2","@types/hapi__joi":"^17.1.8","@types/jsonwebtoken":"^8.5.8","@types/lodash":"^4.14.184","@types/merge-descriptors":"^1.0.1","@types/moo":"^0.5.5","@types/morgan":"^1.9.3","@types/node":"^18.7.8","@types/nodemon":"^1.19.2","@types/prop-types":"^15.7.5","@types/react":"^18.0.19","@types/react-dom":"^18.0.6","@types/react-is":"^17.0.3","@types/serve-static":"^1.15.0","@types/uuid":"^8.3.4"}}
[08:50:29.969] Loaded content of '/home/milena/.cache/typescript/4.7/package-lock.json'
[08:50:29.993] Adding entry into typings cache: 'babel__core' => '/home/milena/.cache/typescript/4.7/node_modules/@types/babel__core/index.d.ts'
[08:50:29.998] Adding entry into typings cache: 'babel__preset-env' => '/home/milena/.cache/typescript/4.7/node_modules/@types/babel__preset-env/index.d.ts'
[08:50:30.000] Adding entry into typings cache: 'bcrypt' => '/home/milena/.cache/typescript/4.7/node_modules/@types/bcrypt/index.d.ts'
[08:50:30.003] Adding entry into typings cache: 'bcryptjs' => '/home/milena/.cache/typescript/4.7/node_modules/@types/bcryptjs/index.d.ts'
[08:50:30.006] Adding entry into typings cache: 'body-parser' => '/home/milena/.cache/typescript/4.7/node_modules/@types/body-parser/index.d.ts'
[08:50:30.008] Adding entry into typings cache: 'co' => '/home/milena/.cache/typescript/4.7/node_modules/@types/co/index.d.ts'
[08:50:30.010] Adding entry into typings cache: 'connect-timeout' => '/home/milena/.cache/typescript/4.7/node_modules/@types/connect-timeout/index.d.ts'
[08:50:30.012] Adding entry into typings cache: 'cors' => '/home/milena/.cache/typescript/4.7/node_modules/@types/cors/index.d.ts'
[08:50:30.014] Adding entry into typings cache: 'd' => '/home/milena/.cache/typescript/4.7/node_modules/@types/d/index.d.ts'
[08:50:30.016] Adding entry into typings cache: 'dlv' => '/home/milena/.cache/typescript/4.7/node_modules/@types/dlv/index.d.ts'
[08:50:30.018] Adding entry into typings cache: 'dot' => '/home/milena/.cache/typescript/4.7/node_modules/@types/dot/index.d.ts'
[08:50:30.021] Adding entry into typings cache: 'eslint' => '/home/milena/.cache/typescript/4.7/node_modules/@types/eslint/index.d.ts'
[08:50:30.024] Adding entry into typings cache: 'express' => '/home/milena/.cache/typescript/4.7/node_modules/@types/express/index.d.ts'
[08:50:30.026] Adding entry into typings cache: 'express-fileupload' => '/home/milena/.cache/typescript/4.7/node_modules/@types/express-fileupload/index.d.ts'
[08:50:30.028] Adding entry into typings cache: 'facepaint' => '/home/milena/.cache/typescript/4.7/node_modules/@types/facepaint/index.d.ts'
[08:50:30.032] Adding entry into typings cache: 'hapi__joi' => '/home/milena/.cache/typescript/4.7/node_modules/@types/hapi__joi/index.d.ts'
[08:50:30.036] Adding entry into typings cache: 'jsonwebtoken' => '/home/milena/.cache/typescript/4.7/node_modules/@types/jsonwebtoken/index.d.ts'
[08:50:30.038] Adding entry into typings cache: 'lodash' => '/home/milena/.cache/typescript/4.7/node_modules/@types/lodash/index.d.ts'
[08:50:30.040] Adding entry into typings cache: 'merge-descriptors' => '/home/milena/.cache/typescript/4.7/node_modules/@types/merge-descriptors/index.d.ts'
[08:50:30.041] Adding entry into typings cache: 'moo' => '/home/milena/.cache/typescript/4.7/node_modules/@types/moo/index.d.ts'
[08:50:30.043] Adding entry into typings cache: 'morgan' => '/home/milena/.cache/typescript/4.7/node_modules/@types/morgan/index.d.ts'
[08:50:30.048] Adding entry into typings cache: 'node' => '/home/milena/.cache/typescript/4.7/node_modules/@types/node/index.d.ts'
[08:50:30.050] Adding entry into typings cache: 'nodemon' => '/home/milena/.cache/typescript/4.7/node_modules/@types/nodemon/index.d.ts'
[08:50:30.051] Adding entry into typings cache: 'prop-types' => '/home/milena/.cache/typescript/4.7/node_modules/@types/prop-types/index.d.ts'
[08:50:30.054] Adding entry into typings cache: 'react' => '/home/milena/.cache/typescript/4.7/node_modules/@types/react/index.d.ts'
[08:50:30.056] Adding entry into typings cache: 'react-dom' => '/home/milena/.cache/typescript/4.7/node_modules/@types/react-dom/index.d.ts'
[08:50:30.058] Adding entry into typings cache: 'react-is' => '/home/milena/.cache/typescript/4.7/node_modules/@types/react-is/index.d.ts'
[08:50:30.059] Adding entry into typings cache: 'serve-static' => '/home/milena/.cache/typescript/4.7/node_modules/@types/serve-static/index.d.ts'
[08:50:30.061] Adding entry into typings cache: 'uuid' => '/home/milena/.cache/typescript/4.7/node_modules/@types/uuid/index.d.ts'
[08:50:30.061] Finished processing cache location '/home/milena/.cache/typescript/4.7'
[08:50:30.061] Process id: 16696
[08:50:30.062] NPM location: /usr/bin/npm (explicit '--npmLocation' not  provided)
[08:50:30.062] validateDefaultNpmLocation: false
[08:50:30.062] Npm config file: /home/milena/.cache/typescript/4.7/package.json
[08:50:30.062] Updating types-registry npm package...
[08:50:30.062] Exec: /usr/bin/npm install --ignore-scripts types-registry@latest
[08:50:31.884]     Succeeded. stdout:
    
    up to date, audited 49 packages in 1s

found 0 vulnerabilities

[08:50:31.884] Updated types-registry npm package
[08:50:36.024] Got install request {"projectName":"/dev/null/inferredProject1*","fileNames":["/home/milena/.emacs.d/.local/etc/lsp/npm/typescript/lib/node_modules/typescript/lib/lib.es5.d.ts","/home/milena/.emacs.d/.local/etc/lsp/npm/typescript/lib/node_modules/typescript/lib/lib.es2015.d.ts","/home/milena/.emacs.d/.local/etc/lsp/npm/typescript/lib/node_modules/typescript/lib/lib.es2016.d.ts","/home/milena/.emacs.d/.local/etc/lsp/npm/typescript/lib/node_modules/typescript/lib/lib.dom.d.ts","/home/milena/.emacs.d/.local/etc/lsp/npm/typescript/lib/node_modules/typescript/lib/lib.dom.iterable.d.ts","/home/milena/.emacs.d/.local/etc/lsp/npm/typescript/lib/node_modules/typescript/lib/lib.webworker.importscripts.d.ts","/home/milena/.emacs.d/.local/etc/lsp/npm/typescript/lib/node_modules/typescript/lib/lib.scripthost.d.ts","/home/milena/.emacs.d/.local/etc/lsp/npm/typescript/lib/node_modules/typescript/lib/lib.es2015.core.d.ts","/home/milena/.emacs.d/.local/etc/lsp/npm/typescript/lib/node_modules/typescript/lib/lib.es2015.collection.d.ts","/home/milena/.emacs.d/.local/etc/lsp/npm/typescript/lib/node_modules/typescript/lib/lib.es2015.generator.d.ts","/home/milena/.emacs.d/.local/etc/lsp/npm/typescript/lib/node_modules/typescript/lib/lib.es2015.iterable.d.ts","/home/milena/.emacs.d/.local/etc/lsp/npm/typescript/lib/node_modules/typescript/lib/lib.es2015.promise.d.ts","/home/milena/.emacs.d/.local/etc/lsp/npm/typescript/lib/node_modules/typescript/lib/lib.es2015.proxy.d.ts","/home/milena/.emacs.d/.local/etc/lsp/npm/typescript/lib/node_modules/typescript/lib/lib.es2015.reflect.d.ts","/home/milena/.emacs.d/.local/etc/lsp/npm/typescript/lib/node_modules/typescript/lib/lib.es2015.symbol.d.ts","/home/milena/.emacs.d/.local/etc/lsp/npm/typescript/lib/node_modules/typescript/lib/lib.es2015.symbol.wellknown.d.ts","/home/milena/.emacs.d/.local/etc/lsp/npm/typescript/lib/node_modules/typescript/lib/lib.es2016.array.include.d.ts","/home/milena/.emacs.d/.local/etc/lsp/npm/typescript/lib/node_modules/typescript/lib/lib.es2016.full.d.ts","/home/milena/Dev/js/twitter-clone/src/utils/firestore.js","/home/milena/Dev/js/twitter-clone/src/createTweet.js","/home/milena/Dev/js/twitter-clone/src/ImageInput.js","/home/milena/Dev/js/twitter-clone/src/EmojiPicker.js","/home/milena/Dev/js/twitter-clone/src/Emoji.js","/home/milena/Dev/js/twitter-clone/src/NewTweet.js"],"compilerOptions":{"module":1,"target":3,"jsx":1,"allowJs":true,"allowSyntheticDefaultImports":true,"allowNonTsExtensions":true,"noEmitForJsFiles":true,"maxNodeModuleJsDepth":2},"typeAcquisition":{"enable":true,"include":[],"exclude":[]},"unresolvedImports":[],"projectRootPath":"/home/milena/Dev/js/twitter-clone/src","kind":"discover"}
[08:50:36.044] Loaded safelist from types map file '/home/milena/.emacs.d/.local/etc/lsp/npm/typescript/lib/node_modules/typescript/lib/typesMap.json'
[08:50:36.045] Explicitly included types: []
[08:50:36.046] Inferred typings from unresolved imports: []
[08:50:36.046] Result: {"cachedTypingPaths":[],"newTypingNames":[],"filesToWatch":["/home/milena/Dev/js/twitter-clone/src/utils/bower_components","/home/milena/Dev/js/twitter-clone/src/utils/node_modules","/home/milena/Dev/js/twitter-clone/src/bower_components","/home/milena/Dev/js/twitter-clone/src/node_modules"]}
[08:50:36.047] Finished typings discovery: {"cachedTypingPaths":[],"newTypingNames":[],"filesToWatch":["/home/milena/Dev/js/twitter-clone/src/utils/bower_components","/home/milena/Dev/js/twitter-clone/src/utils/node_modules","/home/milena/Dev/js/twitter-clone/src/bower_components","/home/milena/Dev/js/twitter-clone/src/node_modules"]}
[08:50:36.047] DirectoryWatcher:: Added:: WatchInfo: /home/milena/Dev/js/twitter-clone/src/utils
[08:50:36.048] DirectoryWatcher:: Added:: WatchInfo: /home/milena/Dev/js/twitter-clone/src/utils 1 undefined Project: /dev/null/inferredProject1* watcher already invoked: false
[08:50:36.051] Elapsed:: 2.67837099917233ms DirectoryWatcher:: Added:: WatchInfo: /home/milena/Dev/js/twitter-clone/src/utils 1 undefined Project: /dev/null/inferredProject1* watcher already invoked: false
[08:50:36.051] DirectoryWatcher:: Added:: WatchInfo: /home/milena/Dev/js/twitter-clone/src/bower_components
[08:50:36.051] DirectoryWatcher:: Added:: WatchInfo: /home/milena/Dev/js/twitter-clone/src/bower_components 1 undefined Project: /dev/null/inferredProject1* watcher already invoked: false
[08:50:36.052] Elapsed:: 1.2600509990006685ms DirectoryWatcher:: Added:: WatchInfo: /home/milena/Dev/js/twitter-clone/src/bower_components 1 undefined Project: /dev/null/inferredProject1* watcher already invoked: false
[08:50:36.053] DirectoryWatcher:: Added:: WatchInfo: /home/milena/Dev/js/twitter-clone/src/node_modules
[08:50:36.053] DirectoryWatcher:: Added:: WatchInfo: /home/milena/Dev/js/twitter-clone/src/node_modules 1 undefined Project: /dev/null/inferredProject1* watcher already invoked: false
[08:50:36.053] Elapsed:: 0.1852139998227358ms DirectoryWatcher:: Added:: WatchInfo: /home/milena/Dev/js/twitter-clone/src/node_modules 1 undefined Project: /dev/null/inferredProject1* watcher already invoked: false
[08:50:36.053] Sending response:
    {"projectName":"/dev/null/inferredProject1*","typeAcquisition":{"enable":true,"include":[],"exclude":[]},"compilerOptions":{"module":1,"target":3,"jsx":1,"allowJs":true,"allowSyntheticDefaultImports":true,"allowNonTsExtensions":true,"noEmitForJsFiles":true,"maxNodeModuleJsDepth":2},"typings":[],"unresolvedImports":[],"kind":"action::set"}
[08:50:36.054] Response has been sent.
[08:50:36.054] No new typings were requested as a result of typings discovery
[08:57:24.512] Got install request {"projectName":"/dev/null/inferredProject1*","fileNames":["/home/milena/.emacs.d/.local/etc/lsp/npm/typescript/lib/node_modules/typescript/lib/lib.es5.d.ts","/home/milena/.emacs.d/.local/etc/lsp/npm/typescript/lib/node_modules/typescript/lib/lib.es2015.d.ts","/home/milena/.emacs.d/.local/etc/lsp/npm/typescript/lib/node_modules/typescript/lib/lib.es2016.d.ts","/home/milena/.emacs.d/.local/etc/lsp/npm/typescript/lib/node_modules/typescript/lib/lib.dom.d.ts","/home/milena/.emacs.d/.local/etc/lsp/npm/typescript/lib/node_modules/typescript/lib/lib.dom.iterable.d.ts","/home/milena/.emacs.d/.local/etc/lsp/npm/typescript/lib/node_modules/typescript/lib/lib.webworker.importscripts.d.ts","/home/milena/.emacs.d/.local/etc/lsp/npm/typescript/lib/node_modules/typescript/lib/lib.scripthost.d.ts","/home/milena/.emacs.d/.local/etc/lsp/npm/typescript/lib/node_modules/typescript/lib/lib.es2015.core.d.ts","/home/milena/.emacs.d/.local/etc/lsp/npm/typescript/lib/node_modules/typescript/lib/lib.es2015.collection.d.ts","/home/milena/.emacs.d/.local/etc/lsp/npm/typescript/lib/node_modules/typescript/lib/lib.es2015.generator.d.ts","/home/milena/.emacs.d/.local/etc/lsp/npm/typescript/lib/node_modules/typescript/lib/lib.es2015.iterable.d.ts","/home/milena/.emacs.d/.local/etc/lsp/npm/typescript/lib/node_modules/typescript/lib/lib.es2015.promise.d.ts","/home/milena/.emacs.d/.local/etc/lsp/npm/typescript/lib/node_modules/typescript/lib/lib.es2015.proxy.d.ts","/home/milena/.emacs.d/.local/etc/lsp/npm/typescript/lib/node_modules/typescript/lib/lib.es2015.reflect.d.ts","/home/milena/.emacs.d/.local/etc/lsp/npm/typescript/lib/node_modules/typescript/lib/lib.es2015.symbol.d.ts","/home/milena/.emacs.d/.local/etc/lsp/npm/typescript/lib/node_modules/typescript/lib/lib.es2015.symbol.wellknown.d.ts","/home/milena/.emacs.d/.local/etc/lsp/npm/typescript/lib/node_modules/typescript/lib/lib.es2016.array.include.d.ts","/home/milena/.emacs.d/.local/etc/lsp/npm/typescript/lib/node_modules/typescript/lib/lib.es2016.full.d.ts","/home/milena/Dev/js/twitter-clone/src/utils/firestore.js","/home/milena/Dev/js/twitter-clone/src/createTweet.js","/home/milena/Dev/js/twitter-clone/src/ImageInput.js","/home/milena/Dev/js/twitter-clone/src/EmojiPicker.js","/home/milena/Dev/js/twitter-clone/src/NewTweet.js"],"compilerOptions":{"module":1,"target":3,"jsx":1,"allowJs":true,"allowSyntheticDefaultImports":true,"allowNonTsExtensions":true,"noEmitForJsFiles":true,"maxNodeModuleJsDepth":2},"typeAcquisition":{"enable":true,"include":[],"exclude":[]},"unresolvedImports":[],"projectRootPath":"/home/milena/Dev/js/twitter-clone/src","kind":"discover"}
[08:57:24.515] Explicitly included types: []
[08:57:24.516] Inferred typings from unresolved imports: []
[08:57:24.516] Result: {"cachedTypingPaths":[],"newTypingNames":[],"filesToWatch":["/home/milena/Dev/js/twitter-clone/src/utils/bower_components","/home/milena/Dev/js/twitter-clone/src/utils/node_modules","/home/milena/Dev/js/twitter-clone/src/bower_components","/home/milena/Dev/js/twitter-clone/src/node_modules"]}
[08:57:24.516] Finished typings discovery: {"cachedTypingPaths":[],"newTypingNames":[],"filesToWatch":["/home/milena/Dev/js/twitter-clone/src/utils/bower_components","/home/milena/Dev/js/twitter-clone/src/utils/node_modules","/home/milena/Dev/js/twitter-clone/src/bower_components","/home/milena/Dev/js/twitter-clone/src/node_modules"]}
[08:57:24.516] Sending response:
    {"projectName":"/dev/null/inferredProject1*","typeAcquisition":{"enable":true,"include":[],"exclude":[]},"compilerOptions":{"module":1,"target":3,"jsx":1,"allowJs":true,"allowSyntheticDefaultImports":true,"allowNonTsExtensions":true,"noEmitForJsFiles":true,"maxNodeModuleJsDepth":2},"typings":[],"unresolvedImports":[],"kind":"action::set"}
[08:57:24.517] Response has been sent.
[08:57:24.517] No new typings were requested as a result of typings discovery
