[19:02:41.486] Global cache location '/home/milena/.cache/typescript/4.8', safe file path '/home/milena/Dev/js/twitter-clone/node_modules/typescript/lib/typingSafeList.json', types map path /home/milena/Dev/js/twitter-clone/node_modules/typescript/lib/typesMap.json
[19:02:41.487] Processing cache location '/home/milena/.cache/typescript/4.8'
[19:02:41.487] Trying to find '/home/milena/.cache/typescript/4.8/package.json'...
[19:02:41.487] Loaded content of '/home/milena/.cache/typescript/4.8/package.json': {"private":true,"dependencies":{"types-registry":"^0.1.614"},"devDependencies":{"@types/object-assign":"^4.0.30","@types/react":"^18.0.21","@types/uuid":"^8.3.4"}}
[19:02:41.487] Loaded content of '/home/milena/.cache/typescript/4.8/package-lock.json'
[19:02:41.493] Adding entry into typings cache: 'object-assign' => '/home/milena/.cache/typescript/4.8/node_modules/@types/object-assign/index.d.ts'
[19:02:41.495] Adding entry into typings cache: 'react' => '/home/milena/.cache/typescript/4.8/node_modules/@types/react/index.d.ts'
[19:02:41.496] Adding entry into typings cache: 'uuid' => '/home/milena/.cache/typescript/4.8/node_modules/@types/uuid/index.d.ts'
[19:02:41.496] Finished processing cache location '/home/milena/.cache/typescript/4.8'
[19:02:41.496] Process id: 288817
[19:02:41.496] NPM location: /home/milena/.nvm/versions/node/v16.13.2/bin/npm (explicit '--npmLocation' not  provided)
[19:02:41.496] validateDefaultNpmLocation: false
[19:02:41.496] Npm config file: /home/milena/.cache/typescript/4.8/package.json
[19:02:41.497] Updating types-registry npm package...
[19:02:41.497] Exec: /home/milena/.nvm/versions/node/v16.13.2/bin/npm install --ignore-scripts types-registry@latest
[19:02:42.568]     Succeeded. stdout:
    
    up to date, audited 8 packages in 936ms

found 0 vulnerabilities

[19:02:42.569] Updated types-registry npm package
[19:02:43.183] Got install request {"projectName":"/dev/null/inferredProject1*","fileNames":["/home/milena/Dev/js/twitter-clone/node_modules/typescript/lib/lib.es5.d.ts","/home/milena/Dev/js/twitter-clone/node_modules/typescript/lib/lib.es2015.d.ts","/home/milena/Dev/js/twitter-clone/node_modules/typescript/lib/lib.es2016.d.ts","/home/milena/Dev/js/twitter-clone/node_modules/typescript/lib/lib.dom.d.ts","/home/milena/Dev/js/twitter-clone/node_modules/typescript/lib/lib.dom.iterable.d.ts","/home/milena/Dev/js/twitter-clone/node_modules/typescript/lib/lib.webworker.importscripts.d.ts","/home/milena/Dev/js/twitter-clone/node_modules/typescript/lib/lib.scripthost.d.ts","/home/milena/Dev/js/twitter-clone/node_modules/typescript/lib/lib.es2015.core.d.ts","/home/milena/Dev/js/twitter-clone/node_modules/typescript/lib/lib.es2015.collection.d.ts","/home/milena/Dev/js/twitter-clone/node_modules/typescript/lib/lib.es2015.generator.d.ts","/home/milena/Dev/js/twitter-clone/node_modules/typescript/lib/lib.es2015.iterable.d.ts","/home/milena/Dev/js/twitter-clone/node_modules/typescript/lib/lib.es2015.promise.d.ts","/home/milena/Dev/js/twitter-clone/node_modules/typescript/lib/lib.es2015.proxy.d.ts","/home/milena/Dev/js/twitter-clone/node_modules/typescript/lib/lib.es2015.reflect.d.ts","/home/milena/Dev/js/twitter-clone/node_modules/typescript/lib/lib.es2015.symbol.d.ts","/home/milena/Dev/js/twitter-clone/node_modules/typescript/lib/lib.es2015.symbol.wellknown.d.ts","/home/milena/Dev/js/twitter-clone/node_modules/typescript/lib/lib.es2016.array.include.d.ts","/home/milena/Dev/js/twitter-clone/node_modules/typescript/lib/lib.es2016.full.d.ts","/home/milena/Dev/js/twitter-clone/src/utils/firestore.js","/home/milena/Dev/js/twitter-clone/src/createTweet.js","/home/milena/Dev/js/twitter-clone/src/ImageInput.js","/home/milena/Dev/js/twitter-clone/src/EmojiPicker.js","/home/milena/Dev/js/twitter-clone/src/ProfilePic.js","/home/milena/Dev/js/twitter-clone/src/NewTweet.js","/home/milena/Dev/js/twitter-clone/src/Tweet.js","/home/milena/Dev/js/twitter-clone/src/Home.js"],"compilerOptions":{"module":1,"target":3,"jsx":1,"allowJs":true,"allowSyntheticDefaultImports":true,"allowNonTsExtensions":true,"noEmitForJsFiles":true,"maxNodeModuleJsDepth":2},"typeAcquisition":{"enable":true,"include":[],"exclude":[]},"unresolvedImports":[],"projectRootPath":"/home/milena/Dev/js/twitter-clone/src","kind":"discover"}
[19:02:43.192] Loaded safelist from types map file '/home/milena/Dev/js/twitter-clone/node_modules/typescript/lib/typesMap.json'
[19:02:43.192] Explicitly included types: []
[19:02:43.192] Inferred typings from unresolved imports: []
[19:02:43.192] Result: {"cachedTypingPaths":[],"newTypingNames":[],"filesToWatch":["/home/milena/Dev/js/twitter-clone/src/utils/bower_components","/home/milena/Dev/js/twitter-clone/src/utils/node_modules","/home/milena/Dev/js/twitter-clone/src/bower_components","/home/milena/Dev/js/twitter-clone/src/node_modules"]}
[19:02:43.192] Finished typings discovery: {"cachedTypingPaths":[],"newTypingNames":[],"filesToWatch":["/home/milena/Dev/js/twitter-clone/src/utils/bower_components","/home/milena/Dev/js/twitter-clone/src/utils/node_modules","/home/milena/Dev/js/twitter-clone/src/bower_components","/home/milena/Dev/js/twitter-clone/src/node_modules"]}
[19:02:43.192] DirectoryWatcher:: Added:: WatchInfo: /home/milena/Dev/js/twitter-clone/src/utils
[19:02:43.193] DirectoryWatcher:: Added:: WatchInfo: /home/milena/Dev/js/twitter-clone/src/utils 1 undefined Project: /dev/null/inferredProject1* watcher already invoked: false
[19:02:43.193] Elapsed:: 0.7137389779090881ms DirectoryWatcher:: Added:: WatchInfo: /home/milena/Dev/js/twitter-clone/src/utils 1 undefined Project: /dev/null/inferredProject1* watcher already invoked: false
[19:02:43.193] DirectoryWatcher:: Added:: WatchInfo: /home/milena/Dev/js/twitter-clone/src/bower_components
[19:02:43.194] DirectoryWatcher:: Added:: WatchInfo: /home/milena/Dev/js/twitter-clone/src/bower_components 1 undefined Project: /dev/null/inferredProject1* watcher already invoked: false
[19:02:43.194] Elapsed:: 0.5129520297050476ms DirectoryWatcher:: Added:: WatchInfo: /home/milena/Dev/js/twitter-clone/src/bower_components 1 undefined Project: /dev/null/inferredProject1* watcher already invoked: false
[19:02:43.194] DirectoryWatcher:: Added:: WatchInfo: /home/milena/Dev/js/twitter-clone/src/node_modules
[19:02:43.194] DirectoryWatcher:: Added:: WatchInfo: /home/milena/Dev/js/twitter-clone/src/node_modules 1 undefined Project: /dev/null/inferredProject1* watcher already invoked: false
[19:02:43.194] Elapsed:: 0.04628700017929077ms DirectoryWatcher:: Added:: WatchInfo: /home/milena/Dev/js/twitter-clone/src/node_modules 1 undefined Project: /dev/null/inferredProject1* watcher already invoked: false
[19:02:43.194] Sending response:
    {"projectName":"/dev/null/inferredProject1*","typeAcquisition":{"enable":true,"include":[],"exclude":[]},"compilerOptions":{"module":1,"target":3,"jsx":1,"allowJs":true,"allowSyntheticDefaultImports":true,"allowNonTsExtensions":true,"noEmitForJsFiles":true,"maxNodeModuleJsDepth":2},"typings":[],"unresolvedImports":[],"kind":"action::set"}
[19:02:43.194] Response has been sent.
[19:02:43.195] No new typings were requested as a result of typings discovery
[19:02:49.576] Got install request {"projectName":"/dev/null/inferredProject1*","fileNames":["/home/milena/Dev/js/twitter-clone/node_modules/typescript/lib/lib.es5.d.ts","/home/milena/Dev/js/twitter-clone/node_modules/typescript/lib/lib.es2015.d.ts","/home/milena/Dev/js/twitter-clone/node_modules/typescript/lib/lib.es2016.d.ts","/home/milena/Dev/js/twitter-clone/node_modules/typescript/lib/lib.dom.d.ts","/home/milena/Dev/js/twitter-clone/node_modules/typescript/lib/lib.dom.iterable.d.ts","/home/milena/Dev/js/twitter-clone/node_modules/typescript/lib/lib.webworker.importscripts.d.ts","/home/milena/Dev/js/twitter-clone/node_modules/typescript/lib/lib.scripthost.d.ts","/home/milena/Dev/js/twitter-clone/node_modules/typescript/lib/lib.es2015.core.d.ts","/home/milena/Dev/js/twitter-clone/node_modules/typescript/lib/lib.es2015.collection.d.ts","/home/milena/Dev/js/twitter-clone/node_modules/typescript/lib/lib.es2015.generator.d.ts","/home/milena/Dev/js/twitter-clone/node_modules/typescript/lib/lib.es2015.iterable.d.ts","/home/milena/Dev/js/twitter-clone/node_modules/typescript/lib/lib.es2015.promise.d.ts","/home/milena/Dev/js/twitter-clone/node_modules/typescript/lib/lib.es2015.proxy.d.ts","/home/milena/Dev/js/twitter-clone/node_modules/typescript/lib/lib.es2015.reflect.d.ts","/home/milena/Dev/js/twitter-clone/node_modules/typescript/lib/lib.es2015.symbol.d.ts","/home/milena/Dev/js/twitter-clone/node_modules/typescript/lib/lib.es2015.symbol.wellknown.d.ts","/home/milena/Dev/js/twitter-clone/node_modules/typescript/lib/lib.es2016.array.include.d.ts","/home/milena/Dev/js/twitter-clone/node_modules/typescript/lib/lib.es2016.full.d.ts","/home/milena/Dev/js/twitter-clone/src/utils/firestore.js","/home/milena/Dev/js/twitter-clone/src/createTweet.js","/home/milena/Dev/js/twitter-clone/src/ImageInput.js","/home/milena/Dev/js/twitter-clone/src/EmojiPicker.js","/home/milena/Dev/js/twitter-clone/src/ProfilePic.js","/home/milena/Dev/js/twitter-clone/src/NewTweet.js","/home/milena/Dev/js/twitter-clone/src/Tweet.js","/home/milena/Dev/js/twitter-clone/src/Home.js"],"compilerOptions":{"module":1,"target":3,"jsx":1,"allowJs":true,"allowSyntheticDefaultImports":true,"allowNonTsExtensions":true,"noEmitForJsFiles":true,"maxNodeModuleJsDepth":2},"typeAcquisition":{"enable":true,"include":[],"exclude":[]},"unresolvedImports":[],"projectRootPath":"/home/milena/Dev/js/twitter-clone/src","kind":"discover"}
[19:02:49.576] Explicitly included types: []
[19:02:49.576] Inferred typings from unresolved imports: []
[19:02:49.576] Result: {"cachedTypingPaths":[],"newTypingNames":[],"filesToWatch":["/home/milena/Dev/js/twitter-clone/src/utils/bower_components","/home/milena/Dev/js/twitter-clone/src/utils/node_modules","/home/milena/Dev/js/twitter-clone/src/bower_components","/home/milena/Dev/js/twitter-clone/src/node_modules"]}
[19:02:49.576] Finished typings discovery: {"cachedTypingPaths":[],"newTypingNames":[],"filesToWatch":["/home/milena/Dev/js/twitter-clone/src/utils/bower_components","/home/milena/Dev/js/twitter-clone/src/utils/node_modules","/home/milena/Dev/js/twitter-clone/src/bower_components","/home/milena/Dev/js/twitter-clone/src/node_modules"]}
[19:02:49.576] Sending response:
    {"projectName":"/dev/null/inferredProject1*","typeAcquisition":{"enable":true,"include":[],"exclude":[]},"compilerOptions":{"module":1,"target":3,"jsx":1,"allowJs":true,"allowSyntheticDefaultImports":true,"allowNonTsExtensions":true,"noEmitForJsFiles":true,"maxNodeModuleJsDepth":2},"typings":[],"unresolvedImports":[],"kind":"action::set"}
[19:02:49.576] Response has been sent.
[19:02:49.576] No new typings were requested as a result of typings discovery
