[11:02:49.754] Global cache location '/home/milena/.cache/typescript/4.8', safe file path '/home/milena/Dev/js/twitter-clone/node_modules/typescript/lib/typingSafeList.json', types map path /home/milena/Dev/js/twitter-clone/node_modules/typescript/lib/typesMap.json
[11:02:49.756] Processing cache location '/home/milena/.cache/typescript/4.8'
[11:02:49.756] Trying to find '/home/milena/.cache/typescript/4.8/package.json'...
[11:02:49.763] Loaded content of '/home/milena/.cache/typescript/4.8/package.json': {"private":true,"dependencies":{"types-registry":"^0.1.613"},"devDependencies":{"@types/adm-zip":"^0.5.0","@types/babel__core":"^7.1.19","@types/babel__plugin-transform-runtime":"^7.9.2","@types/babel__preset-env":"^7.9.2","@types/body-parser":"^1.19.2","@types/co":"^4.6.3","@types/d":"^1.0.1","@types/dlv":"^1.1.2","@types/dot":"^1.1.5","@types/dotenv-webpack":"^7.0.3","@types/emoji-js":"^3.5.0","@types/emoji-mart":"^3.0.9","@types/eslint":"^8.4.6","@types/express":"^4.17.13","@types/facepaint":"^1.2.2","@types/lodash":"^4.14.186","@types/lodash.isequal":"^4.5.6","@types/merge-descriptors":"^1.0.1","@types/node-fetch":"^2.6.2","@types/path-browserify":"^1.0.0","@types/prettier":"^2.7.1","@types/pretty-quick":"^3.1.1","@types/prop-types":"^15.7.5","@types/react":"^18.0.21","@types/react-dom":"^18.0.6","@types/react-router-dom":"^5.3.3","@types/react-twemoji":"^0.4.0","@types/react-window":"^1.8.5","@types/react-window-infinite-loader":"^1.0.6","@types/serve-static":"^1.15.0","@types/sinon":"^10.0.13","@types/standard-version":"^7.0.1","@types/superagent":"^4.1.15","@types/tap":"^15.0.7","@types/testing-library__jest-dom":"^5.14.5","@types/uuid":"^8.3.4","@types/webpack":"^5.28.0"}}
[11:02:49.763] Loaded content of '/home/milena/.cache/typescript/4.8/package-lock.json'
[11:02:49.788] Adding entry into typings cache: 'adm-zip' => '/home/milena/.cache/typescript/4.8/node_modules/@types/adm-zip/index.d.ts'
[11:02:49.792] Adding entry into typings cache: 'babel__core' => '/home/milena/.cache/typescript/4.8/node_modules/@types/babel__core/index.d.ts'
[11:02:49.794] Adding entry into typings cache: 'babel__plugin-transform-runtime' => '/home/milena/.cache/typescript/4.8/node_modules/@types/babel__plugin-transform-runtime/index.d.ts'
[11:02:49.797] Adding entry into typings cache: 'babel__preset-env' => '/home/milena/.cache/typescript/4.8/node_modules/@types/babel__preset-env/index.d.ts'
[11:02:49.804] Adding entry into typings cache: 'body-parser' => '/home/milena/.cache/typescript/4.8/node_modules/@types/body-parser/index.d.ts'
[11:02:49.807] Adding entry into typings cache: 'co' => '/home/milena/.cache/typescript/4.8/node_modules/@types/co/index.d.ts'
[11:02:49.810] Adding entry into typings cache: 'd' => '/home/milena/.cache/typescript/4.8/node_modules/@types/d/index.d.ts'
[11:02:49.812] Adding entry into typings cache: 'dlv' => '/home/milena/.cache/typescript/4.8/node_modules/@types/dlv/index.d.ts'
[11:02:49.815] Adding entry into typings cache: 'dot' => '/home/milena/.cache/typescript/4.8/node_modules/@types/dot/index.d.ts'
[11:02:49.822] Adding entry into typings cache: 'dotenv-webpack' => '/home/milena/.cache/typescript/4.8/node_modules/@types/dotenv-webpack/index.d.ts'
[11:02:49.824] Adding entry into typings cache: 'emoji-js' => '/home/milena/.cache/typescript/4.8/node_modules/@types/emoji-js/index.d.ts'
[11:02:49.827] Adding entry into typings cache: 'emoji-mart' => '/home/milena/.cache/typescript/4.8/node_modules/@types/emoji-mart/index.d.ts'
[11:02:49.833] Adding entry into typings cache: 'eslint' => '/home/milena/.cache/typescript/4.8/node_modules/@types/eslint/index.d.ts'
[11:02:49.837] Adding entry into typings cache: 'express' => '/home/milena/.cache/typescript/4.8/node_modules/@types/express/index.d.ts'
[11:02:49.840] Adding entry into typings cache: 'facepaint' => '/home/milena/.cache/typescript/4.8/node_modules/@types/facepaint/index.d.ts'
[11:02:49.842] Adding entry into typings cache: 'lodash' => '/home/milena/.cache/typescript/4.8/node_modules/@types/lodash/index.d.ts'
[11:02:49.844] Adding entry into typings cache: 'lodash.isequal' => '/home/milena/.cache/typescript/4.8/node_modules/@types/lodash.isequal/index.d.ts'
[11:02:49.846] Adding entry into typings cache: 'merge-descriptors' => '/home/milena/.cache/typescript/4.8/node_modules/@types/merge-descriptors/index.d.ts'
[11:02:49.849] Adding entry into typings cache: 'node-fetch' => '/home/milena/.cache/typescript/4.8/node_modules/@types/node-fetch/index.d.ts'
[11:02:49.853] Adding entry into typings cache: 'path-browserify' => '/home/milena/.cache/typescript/4.8/node_modules/@types/path-browserify/index.d.ts'
[11:02:49.855] Adding entry into typings cache: 'prettier' => '/home/milena/.cache/typescript/4.8/node_modules/@types/prettier/index.d.ts'
[11:02:49.857] Adding entry into typings cache: 'pretty-quick' => '/home/milena/.cache/typescript/4.8/node_modules/@types/pretty-quick/index.d.ts'
[11:02:49.861] Adding entry into typings cache: 'prop-types' => '/home/milena/.cache/typescript/4.8/node_modules/@types/prop-types/index.d.ts'
[11:02:49.867] Adding entry into typings cache: 'react' => '/home/milena/.cache/typescript/4.8/node_modules/@types/react/index.d.ts'
[11:02:49.870] Adding entry into typings cache: 'react-dom' => '/home/milena/.cache/typescript/4.8/node_modules/@types/react-dom/index.d.ts'
[11:02:49.872] Adding entry into typings cache: 'react-router-dom' => '/home/milena/.cache/typescript/4.8/node_modules/@types/react-router-dom/index.d.ts'
[11:02:49.874] Adding entry into typings cache: 'react-twemoji' => '/home/milena/.cache/typescript/4.8/node_modules/@types/react-twemoji/index.d.ts'
[11:02:49.876] Adding entry into typings cache: 'react-window' => '/home/milena/.cache/typescript/4.8/node_modules/@types/react-window/index.d.ts'
[11:02:49.878] Adding entry into typings cache: 'react-window-infinite-loader' => '/home/milena/.cache/typescript/4.8/node_modules/@types/react-window-infinite-loader/index.d.ts'
[11:02:49.880] Adding entry into typings cache: 'serve-static' => '/home/milena/.cache/typescript/4.8/node_modules/@types/serve-static/index.d.ts'
[11:02:49.882] Adding entry into typings cache: 'sinon' => '/home/milena/.cache/typescript/4.8/node_modules/@types/sinon/index.d.ts'
[11:02:49.884] Adding entry into typings cache: 'standard-version' => '/home/milena/.cache/typescript/4.8/node_modules/@types/standard-version/index.d.ts'
[11:02:49.886] Adding entry into typings cache: 'superagent' => '/home/milena/.cache/typescript/4.8/node_modules/@types/superagent/index.d.ts'
[11:02:49.888] Adding entry into typings cache: 'tap' => '/home/milena/.cache/typescript/4.8/node_modules/@types/tap/index.d.ts'
[11:02:49.891] Adding entry into typings cache: 'testing-library__jest-dom' => '/home/milena/.cache/typescript/4.8/node_modules/@types/testing-library__jest-dom/index.d.ts'
[11:02:49.894] Adding entry into typings cache: 'uuid' => '/home/milena/.cache/typescript/4.8/node_modules/@types/uuid/index.d.ts'
[11:02:49.902] Adding entry into typings cache: 'webpack' => '/home/milena/.cache/typescript/4.8/node_modules/webpack/types.d.ts'
[11:02:49.902] Finished processing cache location '/home/milena/.cache/typescript/4.8'
[11:02:49.902] Process id: 2108
[11:02:49.902] NPM location: /usr/bin/npm (explicit '--npmLocation' not  provided)
[11:02:49.902] validateDefaultNpmLocation: false
[11:02:49.903] Npm config file: /home/milena/.cache/typescript/4.8/package.json
[11:02:49.903] Updating types-registry npm package...
[11:02:49.903] Exec: /usr/bin/npm install --ignore-scripts types-registry@latest
[11:02:52.566]     Succeeded. stdout:
    
    changed 1 package, and audited 186 packages in 2s

13 packages are looking for funding
  run `npm fund` for details

found 0 vulnerabilities

[11:02:52.566] Updated types-registry npm package
[11:02:57.114] Got install request {"projectName":"/dev/null/inferredProject1*","fileNames":["/home/milena/Dev/js/twitter-clone/node_modules/typescript/lib/lib.es5.d.ts","/home/milena/Dev/js/twitter-clone/node_modules/typescript/lib/lib.es2015.d.ts","/home/milena/Dev/js/twitter-clone/node_modules/typescript/lib/lib.es2016.d.ts","/home/milena/Dev/js/twitter-clone/node_modules/typescript/lib/lib.dom.d.ts","/home/milena/Dev/js/twitter-clone/node_modules/typescript/lib/lib.dom.iterable.d.ts","/home/milena/Dev/js/twitter-clone/node_modules/typescript/lib/lib.webworker.importscripts.d.ts","/home/milena/Dev/js/twitter-clone/node_modules/typescript/lib/lib.scripthost.d.ts","/home/milena/Dev/js/twitter-clone/node_modules/typescript/lib/lib.es2015.core.d.ts","/home/milena/Dev/js/twitter-clone/node_modules/typescript/lib/lib.es2015.collection.d.ts","/home/milena/Dev/js/twitter-clone/node_modules/typescript/lib/lib.es2015.generator.d.ts","/home/milena/Dev/js/twitter-clone/node_modules/typescript/lib/lib.es2015.iterable.d.ts","/home/milena/Dev/js/twitter-clone/node_modules/typescript/lib/lib.es2015.promise.d.ts","/home/milena/Dev/js/twitter-clone/node_modules/typescript/lib/lib.es2015.proxy.d.ts","/home/milena/Dev/js/twitter-clone/node_modules/typescript/lib/lib.es2015.reflect.d.ts","/home/milena/Dev/js/twitter-clone/node_modules/typescript/lib/lib.es2015.symbol.d.ts","/home/milena/Dev/js/twitter-clone/node_modules/typescript/lib/lib.es2015.symbol.wellknown.d.ts","/home/milena/Dev/js/twitter-clone/node_modules/typescript/lib/lib.es2016.array.include.d.ts","/home/milena/Dev/js/twitter-clone/node_modules/typescript/lib/lib.es2016.full.d.ts","/home/milena/Dev/js/twitter-clone/src/utils/firestore.js","/home/milena/Dev/js/twitter-clone/src/createTweet.js","/home/milena/Dev/js/twitter-clone/src/ImageInput.js","/home/milena/Dev/js/twitter-clone/src/EmojiPicker.js","/home/milena/Dev/js/twitter-clone/src/ProfilePic.js","/home/milena/Dev/js/twitter-clone/src/NewTweet.js","/home/milena/Dev/js/twitter-clone/src/Tweet.js","/home/milena/Dev/js/twitter-clone/src/Home.js"],"compilerOptions":{"module":1,"target":3,"jsx":1,"allowJs":true,"allowSyntheticDefaultImports":true,"allowNonTsExtensions":true,"noEmitForJsFiles":true,"maxNodeModuleJsDepth":2},"typeAcquisition":{"enable":true,"include":[],"exclude":[]},"unresolvedImports":[],"projectRootPath":"/home/milena/Dev/js/twitter-clone/src","kind":"discover"}
[11:02:57.129] Loaded safelist from types map file '/home/milena/Dev/js/twitter-clone/node_modules/typescript/lib/typesMap.json'
[11:02:57.130] Explicitly included types: []
[11:02:57.131] Inferred typings from unresolved imports: []
[11:02:57.131] Result: {"cachedTypingPaths":[],"newTypingNames":[],"filesToWatch":["/home/milena/Dev/js/twitter-clone/src/utils/bower_components","/home/milena/Dev/js/twitter-clone/src/utils/node_modules","/home/milena/Dev/js/twitter-clone/src/bower_components","/home/milena/Dev/js/twitter-clone/src/node_modules"]}
[11:02:57.131] Finished typings discovery: {"cachedTypingPaths":[],"newTypingNames":[],"filesToWatch":["/home/milena/Dev/js/twitter-clone/src/utils/bower_components","/home/milena/Dev/js/twitter-clone/src/utils/node_modules","/home/milena/Dev/js/twitter-clone/src/bower_components","/home/milena/Dev/js/twitter-clone/src/node_modules"]}
[11:02:57.132] DirectoryWatcher:: Added:: WatchInfo: /home/milena/Dev/js/twitter-clone/src/utils
[11:02:57.133] DirectoryWatcher:: Added:: WatchInfo: /home/milena/Dev/js/twitter-clone/src/utils 1 undefined Project: /dev/null/inferredProject1* watcher already invoked: false
[11:02:57.136] Elapsed:: 3.3195820001419634ms DirectoryWatcher:: Added:: WatchInfo: /home/milena/Dev/js/twitter-clone/src/utils 1 undefined Project: /dev/null/inferredProject1* watcher already invoked: false
[11:02:57.136] DirectoryWatcher:: Added:: WatchInfo: /home/milena/Dev/js/twitter-clone/src/bower_components
[11:02:57.137] DirectoryWatcher:: Added:: WatchInfo: /home/milena/Dev/js/twitter-clone/src/bower_components 1 undefined Project: /dev/null/inferredProject1* watcher already invoked: false
[11:02:57.139] Elapsed:: 2.0298650001641363ms DirectoryWatcher:: Added:: WatchInfo: /home/milena/Dev/js/twitter-clone/src/bower_components 1 undefined Project: /dev/null/inferredProject1* watcher already invoked: false
[11:02:57.139] DirectoryWatcher:: Added:: WatchInfo: /home/milena/Dev/js/twitter-clone/src/node_modules
[11:02:57.139] DirectoryWatcher:: Added:: WatchInfo: /home/milena/Dev/js/twitter-clone/src/node_modules 1 undefined Project: /dev/null/inferredProject1* watcher already invoked: false
[11:02:57.139] Elapsed:: 0.17819599993526936ms DirectoryWatcher:: Added:: WatchInfo: /home/milena/Dev/js/twitter-clone/src/node_modules 1 undefined Project: /dev/null/inferredProject1* watcher already invoked: false
[11:02:57.140] Sending response:
    {"projectName":"/dev/null/inferredProject1*","typeAcquisition":{"enable":true,"include":[],"exclude":[]},"compilerOptions":{"module":1,"target":3,"jsx":1,"allowJs":true,"allowSyntheticDefaultImports":true,"allowNonTsExtensions":true,"noEmitForJsFiles":true,"maxNodeModuleJsDepth":2},"typings":[],"unresolvedImports":[],"kind":"action::set"}
[11:02:57.140] Response has been sent.
[11:02:57.140] No new typings were requested as a result of typings discovery
