[09:28:41.178] Global cache location '/home/milena/.cache/typescript/4.8', safe file path '/home/milena/Dev/js/twitter-clone/node_modules/typescript/lib/typingSafeList.json', types map path /home/milena/Dev/js/twitter-clone/node_modules/typescript/lib/typesMap.json
[09:28:41.180] Processing cache location '/home/milena/.cache/typescript/4.8'
[09:28:41.180] Trying to find '/home/milena/.cache/typescript/4.8/package.json'...
[09:28:41.186] Loaded content of '/home/milena/.cache/typescript/4.8/package.json': {"private":true,"dependencies":{"types-registry":"^0.1.612"},"devDependencies":{"@types/body-parser":"^1.19.2","@types/co":"^4.6.3","@types/d":"^1.0.1","@types/dlv":"^1.1.2","@types/dot":"^1.1.5","@types/dotenv-webpack":"^7.0.3","@types/express":"^4.17.13","@types/facepaint":"^1.2.2","@types/merge-descriptors":"^1.0.1","@types/node-fetch":"^2.6.2","@types/path-browserify":"^1.0.0","@types/react":"^18.0.17","@types/react-dom":"^18.0.6","@types/react-router-dom":"^5.3.3","@types/serve-static":"^1.15.0","@types/sinon":"^10.0.13","@types/standard-version":"^7.0.1","@types/tap":"^15.0.7","@types/testing-library__jest-dom":"^5.14.5","@types/uuid":"^8.3.4"}}
[09:28:41.186] Loaded content of '/home/milena/.cache/typescript/4.8/package-lock.json'
[09:28:41.210] Adding entry into typings cache: 'body-parser' => '/home/milena/.cache/typescript/4.8/node_modules/@types/body-parser/index.d.ts'
[09:28:41.214] Adding entry into typings cache: 'co' => '/home/milena/.cache/typescript/4.8/node_modules/@types/co/index.d.ts'
[09:28:41.216] Adding entry into typings cache: 'd' => '/home/milena/.cache/typescript/4.8/node_modules/@types/d/index.d.ts'
[09:28:41.219] Adding entry into typings cache: 'dlv' => '/home/milena/.cache/typescript/4.8/node_modules/@types/dlv/index.d.ts'
[09:28:41.221] Adding entry into typings cache: 'dot' => '/home/milena/.cache/typescript/4.8/node_modules/@types/dot/index.d.ts'
[09:28:41.226] Adding entry into typings cache: 'dotenv-webpack' => '/home/milena/.cache/typescript/4.8/node_modules/@types/dotenv-webpack/index.d.ts'
[09:28:41.229] Adding entry into typings cache: 'express' => '/home/milena/.cache/typescript/4.8/node_modules/@types/express/index.d.ts'
[09:28:41.232] Adding entry into typings cache: 'facepaint' => '/home/milena/.cache/typescript/4.8/node_modules/@types/facepaint/index.d.ts'
[09:28:41.234] Adding entry into typings cache: 'merge-descriptors' => '/home/milena/.cache/typescript/4.8/node_modules/@types/merge-descriptors/index.d.ts'
[09:28:41.238] Adding entry into typings cache: 'node-fetch' => '/home/milena/.cache/typescript/4.8/node_modules/@types/node-fetch/index.d.ts'
[09:28:41.240] Adding entry into typings cache: 'path-browserify' => '/home/milena/.cache/typescript/4.8/node_modules/@types/path-browserify/index.d.ts'
[09:28:41.246] Adding entry into typings cache: 'react' => '/home/milena/.cache/typescript/4.8/node_modules/@types/react/index.d.ts'
[09:28:41.250] Adding entry into typings cache: 'react-dom' => '/home/milena/.cache/typescript/4.8/node_modules/@types/react-dom/index.d.ts'
[09:28:41.252] Adding entry into typings cache: 'react-router-dom' => '/home/milena/.cache/typescript/4.8/node_modules/@types/react-router-dom/index.d.ts'
[09:28:41.254] Adding entry into typings cache: 'serve-static' => '/home/milena/.cache/typescript/4.8/node_modules/@types/serve-static/index.d.ts'
[09:28:41.258] Adding entry into typings cache: 'sinon' => '/home/milena/.cache/typescript/4.8/node_modules/@types/sinon/index.d.ts'
[09:28:41.260] Adding entry into typings cache: 'standard-version' => '/home/milena/.cache/typescript/4.8/node_modules/@types/standard-version/index.d.ts'
[09:28:41.262] Adding entry into typings cache: 'tap' => '/home/milena/.cache/typescript/4.8/node_modules/@types/tap/index.d.ts'
[09:28:41.265] Adding entry into typings cache: 'testing-library__jest-dom' => '/home/milena/.cache/typescript/4.8/node_modules/@types/testing-library__jest-dom/index.d.ts'
[09:28:41.267] Adding entry into typings cache: 'uuid' => '/home/milena/.cache/typescript/4.8/node_modules/@types/uuid/index.d.ts'
[09:28:41.267] Finished processing cache location '/home/milena/.cache/typescript/4.8'
[09:28:41.268] Process id: 4706
[09:28:41.268] NPM location: /usr/bin/npm (explicit '--npmLocation' not  provided)
[09:28:41.268] validateDefaultNpmLocation: false
[09:28:41.268] Npm config file: /home/milena/.cache/typescript/4.8/package.json
[09:28:41.268] Updating types-registry npm package...
[09:28:41.268] Exec: /usr/bin/npm install --ignore-scripts types-registry@latest
[09:28:43.243]     Succeeded. stdout:
    
    up to date, audited 163 packages in 1s

13 packages are looking for funding
  run `npm fund` for details

found 0 vulnerabilities

[09:28:43.243] Updated types-registry npm package
[09:28:49.189] Got install request {"projectName":"/dev/null/inferredProject1*","fileNames":["/home/milena/Dev/js/twitter-clone/node_modules/typescript/lib/lib.es5.d.ts","/home/milena/Dev/js/twitter-clone/node_modules/typescript/lib/lib.es2015.d.ts","/home/milena/Dev/js/twitter-clone/node_modules/typescript/lib/lib.es2016.d.ts","/home/milena/Dev/js/twitter-clone/node_modules/typescript/lib/lib.dom.d.ts","/home/milena/Dev/js/twitter-clone/node_modules/typescript/lib/lib.dom.iterable.d.ts","/home/milena/Dev/js/twitter-clone/node_modules/typescript/lib/lib.webworker.importscripts.d.ts","/home/milena/Dev/js/twitter-clone/node_modules/typescript/lib/lib.scripthost.d.ts","/home/milena/Dev/js/twitter-clone/node_modules/typescript/lib/lib.es2015.core.d.ts","/home/milena/Dev/js/twitter-clone/node_modules/typescript/lib/lib.es2015.collection.d.ts","/home/milena/Dev/js/twitter-clone/node_modules/typescript/lib/lib.es2015.generator.d.ts","/home/milena/Dev/js/twitter-clone/node_modules/typescript/lib/lib.es2015.iterable.d.ts","/home/milena/Dev/js/twitter-clone/node_modules/typescript/lib/lib.es2015.promise.d.ts","/home/milena/Dev/js/twitter-clone/node_modules/typescript/lib/lib.es2015.proxy.d.ts","/home/milena/Dev/js/twitter-clone/node_modules/typescript/lib/lib.es2015.reflect.d.ts","/home/milena/Dev/js/twitter-clone/node_modules/typescript/lib/lib.es2015.symbol.d.ts","/home/milena/Dev/js/twitter-clone/node_modules/typescript/lib/lib.es2015.symbol.wellknown.d.ts","/home/milena/Dev/js/twitter-clone/node_modules/typescript/lib/lib.es2016.array.include.d.ts","/home/milena/Dev/js/twitter-clone/node_modules/typescript/lib/lib.es2016.full.d.ts","/home/milena/Dev/js/twitter-clone/src/utils/firestore.js","/home/milena/Dev/js/twitter-clone/src/createTweet.js","/home/milena/Dev/js/twitter-clone/src/ImageInput.js","/home/milena/Dev/js/twitter-clone/src/NewTweet.js","/home/milena/Dev/js/twitter-clone/src/Home.js","/home/milena/Dev/js/twitter-clone/src/Explore.js","/home/milena/Dev/js/twitter-clone/src/Notifications.js","/home/milena/Dev/js/twitter-clone/src/Profile.js","/home/milena/Dev/js/twitter-clone/src/App.js"],"compilerOptions":{"module":1,"target":3,"jsx":1,"allowJs":true,"allowSyntheticDefaultImports":true,"allowNonTsExtensions":true,"noEmitForJsFiles":true,"maxNodeModuleJsDepth":2},"typeAcquisition":{"enable":true,"include":[],"exclude":[]},"unresolvedImports":[],"projectRootPath":"/home/milena/Dev/js/twitter-clone/src","kind":"discover"}
[09:28:49.218] Loaded safelist from types map file '/home/milena/Dev/js/twitter-clone/node_modules/typescript/lib/typesMap.json'
[09:28:49.219] Explicitly included types: []
[09:28:49.221] Inferred typings from unresolved imports: []
[09:28:49.222] Result: {"cachedTypingPaths":[],"newTypingNames":[],"filesToWatch":["/home/milena/Dev/js/twitter-clone/src/utils/bower_components","/home/milena/Dev/js/twitter-clone/src/utils/node_modules","/home/milena/Dev/js/twitter-clone/src/bower_components","/home/milena/Dev/js/twitter-clone/src/node_modules"]}
[09:28:49.222] Finished typings discovery: {"cachedTypingPaths":[],"newTypingNames":[],"filesToWatch":["/home/milena/Dev/js/twitter-clone/src/utils/bower_components","/home/milena/Dev/js/twitter-clone/src/utils/node_modules","/home/milena/Dev/js/twitter-clone/src/bower_components","/home/milena/Dev/js/twitter-clone/src/node_modules"]}
[09:28:49.223] DirectoryWatcher:: Added:: WatchInfo: /home/milena/Dev/js/twitter-clone/src/utils
[09:28:49.224] DirectoryWatcher:: Added:: WatchInfo: /home/milena/Dev/js/twitter-clone/src/utils 1 undefined Project: /dev/null/inferredProject1* watcher already invoked: false
[09:28:49.227] Elapsed:: 3.629666999913752ms DirectoryWatcher:: Added:: WatchInfo: /home/milena/Dev/js/twitter-clone/src/utils 1 undefined Project: /dev/null/inferredProject1* watcher already invoked: false
[09:28:49.228] DirectoryWatcher:: Added:: WatchInfo: /home/milena/Dev/js/twitter-clone/src/bower_components
[09:28:49.228] DirectoryWatcher:: Added:: WatchInfo: /home/milena/Dev/js/twitter-clone/src/bower_components 1 undefined Project: /dev/null/inferredProject1* watcher already invoked: false
[09:28:49.230] Elapsed:: 2.0554680000059307ms DirectoryWatcher:: Added:: WatchInfo: /home/milena/Dev/js/twitter-clone/src/bower_components 1 undefined Project: /dev/null/inferredProject1* watcher already invoked: false
[09:28:49.230] DirectoryWatcher:: Added:: WatchInfo: /home/milena/Dev/js/twitter-clone/src/node_modules
[09:28:49.231] DirectoryWatcher:: Added:: WatchInfo: /home/milena/Dev/js/twitter-clone/src/node_modules 1 undefined Project: /dev/null/inferredProject1* watcher already invoked: false
[09:28:49.231] Elapsed:: 0.22394399996846914ms DirectoryWatcher:: Added:: WatchInfo: /home/milena/Dev/js/twitter-clone/src/node_modules 1 undefined Project: /dev/null/inferredProject1* watcher already invoked: false
[09:28:49.231] Sending response:
    {"projectName":"/dev/null/inferredProject1*","typeAcquisition":{"enable":true,"include":[],"exclude":[]},"compilerOptions":{"module":1,"target":3,"jsx":1,"allowJs":true,"allowSyntheticDefaultImports":true,"allowNonTsExtensions":true,"noEmitForJsFiles":true,"maxNodeModuleJsDepth":2},"typings":[],"unresolvedImports":[],"kind":"action::set"}
[09:28:49.232] Response has been sent.
[09:28:49.232] No new typings were requested as a result of typings discovery
[10:16:39.174] Got install request {"projectName":"/dev/null/inferredProject1*","fileNames":["/home/milena/Dev/js/twitter-clone/node_modules/typescript/lib/lib.es5.d.ts","/home/milena/Dev/js/twitter-clone/node_modules/typescript/lib/lib.es2015.d.ts","/home/milena/Dev/js/twitter-clone/node_modules/typescript/lib/lib.es2016.d.ts","/home/milena/Dev/js/twitter-clone/node_modules/typescript/lib/lib.dom.d.ts","/home/milena/Dev/js/twitter-clone/node_modules/typescript/lib/lib.dom.iterable.d.ts","/home/milena/Dev/js/twitter-clone/node_modules/typescript/lib/lib.webworker.importscripts.d.ts","/home/milena/Dev/js/twitter-clone/node_modules/typescript/lib/lib.scripthost.d.ts","/home/milena/Dev/js/twitter-clone/node_modules/typescript/lib/lib.es2015.core.d.ts","/home/milena/Dev/js/twitter-clone/node_modules/typescript/lib/lib.es2015.collection.d.ts","/home/milena/Dev/js/twitter-clone/node_modules/typescript/lib/lib.es2015.generator.d.ts","/home/milena/Dev/js/twitter-clone/node_modules/typescript/lib/lib.es2015.iterable.d.ts","/home/milena/Dev/js/twitter-clone/node_modules/typescript/lib/lib.es2015.promise.d.ts","/home/milena/Dev/js/twitter-clone/node_modules/typescript/lib/lib.es2015.proxy.d.ts","/home/milena/Dev/js/twitter-clone/node_modules/typescript/lib/lib.es2015.reflect.d.ts","/home/milena/Dev/js/twitter-clone/node_modules/typescript/lib/lib.es2015.symbol.d.ts","/home/milena/Dev/js/twitter-clone/node_modules/typescript/lib/lib.es2015.symbol.wellknown.d.ts","/home/milena/Dev/js/twitter-clone/node_modules/typescript/lib/lib.es2016.array.include.d.ts","/home/milena/Dev/js/twitter-clone/node_modules/typescript/lib/lib.es2016.full.d.ts","/home/milena/Dev/js/twitter-clone/src/utils/firestore.js","/home/milena/Dev/js/twitter-clone/src/createTweet.js","/home/milena/Dev/js/twitter-clone/src/ImageInput.js","/home/milena/Dev/js/twitter-clone/src/NewTweet.js","/home/milena/Dev/js/twitter-clone/src/Home.js","/home/milena/Dev/js/twitter-clone/src/Explore.js","/home/milena/Dev/js/twitter-clone/src/Notifications.js","/home/milena/Dev/js/twitter-clone/src/Profile.js","/home/milena/Dev/js/twitter-clone/src/App.js"],"compilerOptions":{"module":1,"target":3,"jsx":1,"allowJs":true,"allowSyntheticDefaultImports":true,"allowNonTsExtensions":true,"noEmitForJsFiles":true,"maxNodeModuleJsDepth":2},"typeAcquisition":{"enable":true,"include":[],"exclude":[]},"unresolvedImports":["A"],"projectRootPath":"/home/milena/Dev/js/twitter-clone/src","kind":"discover"}
[10:16:39.176] Explicitly included types: []
[10:16:39.176] Inferred typings from unresolved imports: ["A"]
[10:16:39.177] Result: {"cachedTypingPaths":[],"newTypingNames":["A"],"filesToWatch":["/home/milena/Dev/js/twitter-clone/src/utils/bower_components","/home/milena/Dev/js/twitter-clone/src/utils/node_modules","/home/milena/Dev/js/twitter-clone/src/bower_components","/home/milena/Dev/js/twitter-clone/src/node_modules"]}
[10:16:39.177] Finished typings discovery: {"cachedTypingPaths":[],"newTypingNames":["A"],"filesToWatch":["/home/milena/Dev/js/twitter-clone/src/utils/bower_components","/home/milena/Dev/js/twitter-clone/src/utils/node_modules","/home/milena/Dev/js/twitter-clone/src/bower_components","/home/milena/Dev/js/twitter-clone/src/node_modules"]}
[10:16:39.177] Installing typings ["A"]
[10:16:39.178] 'A':: Entry for package 'A' does not exist in local types registry - skipping...
[10:16:39.178] All typings are known to be missing or invalid - no need to install more typings
[10:16:39.178] Sending response:
    {"projectName":"/dev/null/inferredProject1*","typeAcquisition":{"enable":true,"include":[],"exclude":[]},"compilerOptions":{"module":1,"target":3,"jsx":1,"allowJs":true,"allowSyntheticDefaultImports":true,"allowNonTsExtensions":true,"noEmitForJsFiles":true,"maxNodeModuleJsDepth":2},"typings":[],"unresolvedImports":["A"],"kind":"action::set"}
[10:16:39.178] Response has been sent.
[10:16:40.214] Got install request {"projectName":"/dev/null/inferredProject1*","fileNames":["/home/milena/Dev/js/twitter-clone/node_modules/typescript/lib/lib.es5.d.ts","/home/milena/Dev/js/twitter-clone/node_modules/typescript/lib/lib.es2015.d.ts","/home/milena/Dev/js/twitter-clone/node_modules/typescript/lib/lib.es2016.d.ts","/home/milena/Dev/js/twitter-clone/node_modules/typescript/lib/lib.dom.d.ts","/home/milena/Dev/js/twitter-clone/node_modules/typescript/lib/lib.dom.iterable.d.ts","/home/milena/Dev/js/twitter-clone/node_modules/typescript/lib/lib.webworker.importscripts.d.ts","/home/milena/Dev/js/twitter-clone/node_modules/typescript/lib/lib.scripthost.d.ts","/home/milena/Dev/js/twitter-clone/node_modules/typescript/lib/lib.es2015.core.d.ts","/home/milena/Dev/js/twitter-clone/node_modules/typescript/lib/lib.es2015.collection.d.ts","/home/milena/Dev/js/twitter-clone/node_modules/typescript/lib/lib.es2015.generator.d.ts","/home/milena/Dev/js/twitter-clone/node_modules/typescript/lib/lib.es2015.iterable.d.ts","/home/milena/Dev/js/twitter-clone/node_modules/typescript/lib/lib.es2015.promise.d.ts","/home/milena/Dev/js/twitter-clone/node_modules/typescript/lib/lib.es2015.proxy.d.ts","/home/milena/Dev/js/twitter-clone/node_modules/typescript/lib/lib.es2015.reflect.d.ts","/home/milena/Dev/js/twitter-clone/node_modules/typescript/lib/lib.es2015.symbol.d.ts","/home/milena/Dev/js/twitter-clone/node_modules/typescript/lib/lib.es2015.symbol.wellknown.d.ts","/home/milena/Dev/js/twitter-clone/node_modules/typescript/lib/lib.es2016.array.include.d.ts","/home/milena/Dev/js/twitter-clone/node_modules/typescript/lib/lib.es2016.full.d.ts","/home/milena/Dev/js/twitter-clone/src/utils/firestore.js","/home/milena/Dev/js/twitter-clone/src/createTweet.js","/home/milena/Dev/js/twitter-clone/src/ImageInput.js","/home/milena/Dev/js/twitter-clone/src/NewTweet.js","/home/milena/Dev/js/twitter-clone/src/Home.js","/home/milena/Dev/js/twitter-clone/src/Explore.js","/home/milena/Dev/js/twitter-clone/src/Notifications.js","/home/milena/Dev/js/twitter-clone/src/Profile.js","/home/milena/Dev/js/twitter-clone/src/App.js"],"compilerOptions":{"module":1,"target":3,"jsx":1,"allowJs":true,"allowSyntheticDefaultImports":true,"allowNonTsExtensions":true,"noEmitForJsFiles":true,"maxNodeModuleJsDepth":2},"typeAcquisition":{"enable":true,"include":[],"exclude":[]},"unresolvedImports":["App."],"projectRootPath":"/home/milena/Dev/js/twitter-clone/src","kind":"discover"}
[10:16:40.214] Explicitly included types: []
[10:16:40.214] Inferred typings from unresolved imports: ["App."]
[10:16:40.214] Result: {"cachedTypingPaths":[],"newTypingNames":["App."],"filesToWatch":["/home/milena/Dev/js/twitter-clone/src/utils/bower_components","/home/milena/Dev/js/twitter-clone/src/utils/node_modules","/home/milena/Dev/js/twitter-clone/src/bower_components","/home/milena/Dev/js/twitter-clone/src/node_modules"]}
[10:16:40.214] Finished typings discovery: {"cachedTypingPaths":[],"newTypingNames":["App."],"filesToWatch":["/home/milena/Dev/js/twitter-clone/src/utils/bower_components","/home/milena/Dev/js/twitter-clone/src/utils/node_modules","/home/milena/Dev/js/twitter-clone/src/bower_components","/home/milena/Dev/js/twitter-clone/src/node_modules"]}
[10:16:40.214] Installing typings ["App."]
[10:16:40.215] 'App.':: Entry for package 'App.' does not exist in local types registry - skipping...
[10:16:40.215] All typings are known to be missing or invalid - no need to install more typings
[10:16:40.215] Sending response:
    {"projectName":"/dev/null/inferredProject1*","typeAcquisition":{"enable":true,"include":[],"exclude":[]},"compilerOptions":{"module":1,"target":3,"jsx":1,"allowJs":true,"allowSyntheticDefaultImports":true,"allowNonTsExtensions":true,"noEmitForJsFiles":true,"maxNodeModuleJsDepth":2},"typings":[],"unresolvedImports":["App."],"kind":"action::set"}
[10:16:40.215] Response has been sent.
[10:16:41.141] Got install request {"projectName":"/dev/null/inferredProject1*","fileNames":["/home/milena/Dev/js/twitter-clone/node_modules/typescript/lib/lib.es5.d.ts","/home/milena/Dev/js/twitter-clone/node_modules/typescript/lib/lib.es2015.d.ts","/home/milena/Dev/js/twitter-clone/node_modules/typescript/lib/lib.es2016.d.ts","/home/milena/Dev/js/twitter-clone/node_modules/typescript/lib/lib.dom.d.ts","/home/milena/Dev/js/twitter-clone/node_modules/typescript/lib/lib.dom.iterable.d.ts","/home/milena/Dev/js/twitter-clone/node_modules/typescript/lib/lib.webworker.importscripts.d.ts","/home/milena/Dev/js/twitter-clone/node_modules/typescript/lib/lib.scripthost.d.ts","/home/milena/Dev/js/twitter-clone/node_modules/typescript/lib/lib.es2015.core.d.ts","/home/milena/Dev/js/twitter-clone/node_modules/typescript/lib/lib.es2015.collection.d.ts","/home/milena/Dev/js/twitter-clone/node_modules/typescript/lib/lib.es2015.generator.d.ts","/home/milena/Dev/js/twitter-clone/node_modules/typescript/lib/lib.es2015.iterable.d.ts","/home/milena/Dev/js/twitter-clone/node_modules/typescript/lib/lib.es2015.promise.d.ts","/home/milena/Dev/js/twitter-clone/node_modules/typescript/lib/lib.es2015.proxy.d.ts","/home/milena/Dev/js/twitter-clone/node_modules/typescript/lib/lib.es2015.reflect.d.ts","/home/milena/Dev/js/twitter-clone/node_modules/typescript/lib/lib.es2015.symbol.d.ts","/home/milena/Dev/js/twitter-clone/node_modules/typescript/lib/lib.es2015.symbol.wellknown.d.ts","/home/milena/Dev/js/twitter-clone/node_modules/typescript/lib/lib.es2016.array.include.d.ts","/home/milena/Dev/js/twitter-clone/node_modules/typescript/lib/lib.es2016.full.d.ts","/home/milena/Dev/js/twitter-clone/src/utils/firestore.js","/home/milena/Dev/js/twitter-clone/src/createTweet.js","/home/milena/Dev/js/twitter-clone/src/ImageInput.js","/home/milena/Dev/js/twitter-clone/src/NewTweet.js","/home/milena/Dev/js/twitter-clone/src/Home.js","/home/milena/Dev/js/twitter-clone/src/Explore.js","/home/milena/Dev/js/twitter-clone/src/Notifications.js","/home/milena/Dev/js/twitter-clone/src/Profile.js","/home/milena/Dev/js/twitter-clone/src/App.js"],"compilerOptions":{"module":1,"target":3,"jsx":1,"allowJs":true,"allowSyntheticDefaultImports":true,"allowNonTsExtensions":true,"noEmitForJsFiles":true,"maxNodeModuleJsDepth":2},"typeAcquisition":{"enable":true,"include":[],"exclude":[]},"unresolvedImports":["App.c"],"projectRootPath":"/home/milena/Dev/js/twitter-clone/src","kind":"discover"}
[10:16:41.142] Explicitly included types: []
[10:16:41.142] Inferred typings from unresolved imports: ["App.c"]
[10:16:41.142] Result: {"cachedTypingPaths":[],"newTypingNames":["App.c"],"filesToWatch":["/home/milena/Dev/js/twitter-clone/src/utils/bower_components","/home/milena/Dev/js/twitter-clone/src/utils/node_modules","/home/milena/Dev/js/twitter-clone/src/bower_components","/home/milena/Dev/js/twitter-clone/src/node_modules"]}
[10:16:41.142] Finished typings discovery: {"cachedTypingPaths":[],"newTypingNames":["App.c"],"filesToWatch":["/home/milena/Dev/js/twitter-clone/src/utils/bower_components","/home/milena/Dev/js/twitter-clone/src/utils/node_modules","/home/milena/Dev/js/twitter-clone/src/bower_components","/home/milena/Dev/js/twitter-clone/src/node_modules"]}
[10:16:41.142] Installing typings ["App.c"]
[10:16:41.142] 'App.c':: Entry for package 'App.c' does not exist in local types registry - skipping...
[10:16:41.142] All typings are known to be missing or invalid - no need to install more typings
[10:16:41.142] Sending response:
    {"projectName":"/dev/null/inferredProject1*","typeAcquisition":{"enable":true,"include":[],"exclude":[]},"compilerOptions":{"module":1,"target":3,"jsx":1,"allowJs":true,"allowSyntheticDefaultImports":true,"allowNonTsExtensions":true,"noEmitForJsFiles":true,"maxNodeModuleJsDepth":2},"typings":[],"unresolvedImports":["App.c"],"kind":"action::set"}
[10:16:41.142] Response has been sent.
[10:16:41.386] Got install request {"projectName":"/dev/null/inferredProject1*","fileNames":["/home/milena/Dev/js/twitter-clone/node_modules/typescript/lib/lib.es5.d.ts","/home/milena/Dev/js/twitter-clone/node_modules/typescript/lib/lib.es2015.d.ts","/home/milena/Dev/js/twitter-clone/node_modules/typescript/lib/lib.es2016.d.ts","/home/milena/Dev/js/twitter-clone/node_modules/typescript/lib/lib.dom.d.ts","/home/milena/Dev/js/twitter-clone/node_modules/typescript/lib/lib.dom.iterable.d.ts","/home/milena/Dev/js/twitter-clone/node_modules/typescript/lib/lib.webworker.importscripts.d.ts","/home/milena/Dev/js/twitter-clone/node_modules/typescript/lib/lib.scripthost.d.ts","/home/milena/Dev/js/twitter-clone/node_modules/typescript/lib/lib.es2015.core.d.ts","/home/milena/Dev/js/twitter-clone/node_modules/typescript/lib/lib.es2015.collection.d.ts","/home/milena/Dev/js/twitter-clone/node_modules/typescript/lib/lib.es2015.generator.d.ts","/home/milena/Dev/js/twitter-clone/node_modules/typescript/lib/lib.es2015.iterable.d.ts","/home/milena/Dev/js/twitter-clone/node_modules/typescript/lib/lib.es2015.promise.d.ts","/home/milena/Dev/js/twitter-clone/node_modules/typescript/lib/lib.es2015.proxy.d.ts","/home/milena/Dev/js/twitter-clone/node_modules/typescript/lib/lib.es2015.reflect.d.ts","/home/milena/Dev/js/twitter-clone/node_modules/typescript/lib/lib.es2015.symbol.d.ts","/home/milena/Dev/js/twitter-clone/node_modules/typescript/lib/lib.es2015.symbol.wellknown.d.ts","/home/milena/Dev/js/twitter-clone/node_modules/typescript/lib/lib.es2016.array.include.d.ts","/home/milena/Dev/js/twitter-clone/node_modules/typescript/lib/lib.es2016.full.d.ts","/home/milena/Dev/js/twitter-clone/src/utils/firestore.js","/home/milena/Dev/js/twitter-clone/src/createTweet.js","/home/milena/Dev/js/twitter-clone/src/ImageInput.js","/home/milena/Dev/js/twitter-clone/src/NewTweet.js","/home/milena/Dev/js/twitter-clone/src/Home.js","/home/milena/Dev/js/twitter-clone/src/Explore.js","/home/milena/Dev/js/twitter-clone/src/Notifications.js","/home/milena/Dev/js/twitter-clone/src/Profile.js","/home/milena/Dev/js/twitter-clone/src/App.js"],"compilerOptions":{"module":1,"target":3,"jsx":1,"allowJs":true,"allowSyntheticDefaultImports":true,"allowNonTsExtensions":true,"noEmitForJsFiles":true,"maxNodeModuleJsDepth":2},"typeAcquisition":{"enable":true,"include":[],"exclude":[]},"unresolvedImports":["App.cs"],"projectRootPath":"/home/milena/Dev/js/twitter-clone/src","kind":"discover"}
[10:16:41.387] Explicitly included types: []
[10:16:41.387] Inferred typings from unresolved imports: ["App.cs"]
[10:16:41.387] Result: {"cachedTypingPaths":[],"newTypingNames":["App.cs"],"filesToWatch":["/home/milena/Dev/js/twitter-clone/src/utils/bower_components","/home/milena/Dev/js/twitter-clone/src/utils/node_modules","/home/milena/Dev/js/twitter-clone/src/bower_components","/home/milena/Dev/js/twitter-clone/src/node_modules"]}
[10:16:41.387] Finished typings discovery: {"cachedTypingPaths":[],"newTypingNames":["App.cs"],"filesToWatch":["/home/milena/Dev/js/twitter-clone/src/utils/bower_components","/home/milena/Dev/js/twitter-clone/src/utils/node_modules","/home/milena/Dev/js/twitter-clone/src/bower_components","/home/milena/Dev/js/twitter-clone/src/node_modules"]}
[10:16:41.387] Installing typings ["App.cs"]
[10:16:41.387] 'App.cs':: Entry for package 'App.cs' does not exist in local types registry - skipping...
[10:16:41.387] All typings are known to be missing or invalid - no need to install more typings
[10:16:41.387] Sending response:
    {"projectName":"/dev/null/inferredProject1*","typeAcquisition":{"enable":true,"include":[],"exclude":[]},"compilerOptions":{"module":1,"target":3,"jsx":1,"allowJs":true,"allowSyntheticDefaultImports":true,"allowNonTsExtensions":true,"noEmitForJsFiles":true,"maxNodeModuleJsDepth":2},"typings":[],"unresolvedImports":["App.cs"],"kind":"action::set"}
[10:16:41.388] Response has been sent.
[10:16:41.388] Got install request {"projectName":"/dev/null/inferredProject1*","fileNames":["/home/milena/Dev/js/twitter-clone/node_modules/typescript/lib/lib.es5.d.ts","/home/milena/Dev/js/twitter-clone/node_modules/typescript/lib/lib.es2015.d.ts","/home/milena/Dev/js/twitter-clone/node_modules/typescript/lib/lib.es2016.d.ts","/home/milena/Dev/js/twitter-clone/node_modules/typescript/lib/lib.dom.d.ts","/home/milena/Dev/js/twitter-clone/node_modules/typescript/lib/lib.dom.iterable.d.ts","/home/milena/Dev/js/twitter-clone/node_modules/typescript/lib/lib.webworker.importscripts.d.ts","/home/milena/Dev/js/twitter-clone/node_modules/typescript/lib/lib.scripthost.d.ts","/home/milena/Dev/js/twitter-clone/node_modules/typescript/lib/lib.es2015.core.d.ts","/home/milena/Dev/js/twitter-clone/node_modules/typescript/lib/lib.es2015.collection.d.ts","/home/milena/Dev/js/twitter-clone/node_modules/typescript/lib/lib.es2015.generator.d.ts","/home/milena/Dev/js/twitter-clone/node_modules/typescript/lib/lib.es2015.iterable.d.ts","/home/milena/Dev/js/twitter-clone/node_modules/typescript/lib/lib.es2015.promise.d.ts","/home/milena/Dev/js/twitter-clone/node_modules/typescript/lib/lib.es2015.proxy.d.ts","/home/milena/Dev/js/twitter-clone/node_modules/typescript/lib/lib.es2015.reflect.d.ts","/home/milena/Dev/js/twitter-clone/node_modules/typescript/lib/lib.es2015.symbol.d.ts","/home/milena/Dev/js/twitter-clone/node_modules/typescript/lib/lib.es2015.symbol.wellknown.d.ts","/home/milena/Dev/js/twitter-clone/node_modules/typescript/lib/lib.es2016.array.include.d.ts","/home/milena/Dev/js/twitter-clone/node_modules/typescript/lib/lib.es2016.full.d.ts","/home/milena/Dev/js/twitter-clone/src/utils/firestore.js","/home/milena/Dev/js/twitter-clone/src/createTweet.js","/home/milena/Dev/js/twitter-clone/src/ImageInput.js","/home/milena/Dev/js/twitter-clone/src/NewTweet.js","/home/milena/Dev/js/twitter-clone/src/Home.js","/home/milena/Dev/js/twitter-clone/src/Explore.js","/home/milena/Dev/js/twitter-clone/src/Notifications.js","/home/milena/Dev/js/twitter-clone/src/Profile.js","/home/milena/Dev/js/twitter-clone/src/App.js"],"compilerOptions":{"module":1,"target":3,"jsx":1,"allowJs":true,"allowSyntheticDefaultImports":true,"allowNonTsExtensions":true,"noEmitForJsFiles":true,"maxNodeModuleJsDepth":2},"typeAcquisition":{"enable":true,"include":[],"exclude":[]},"unresolvedImports":["App.css"],"projectRootPath":"/home/milena/Dev/js/twitter-clone/src","kind":"discover"}
[10:16:41.388] Explicitly included types: []
[10:16:41.388] Inferred typings from unresolved imports: ["App.css"]
[10:16:41.388] Result: {"cachedTypingPaths":[],"newTypingNames":["App.css"],"filesToWatch":["/home/milena/Dev/js/twitter-clone/src/utils/bower_components","/home/milena/Dev/js/twitter-clone/src/utils/node_modules","/home/milena/Dev/js/twitter-clone/src/bower_components","/home/milena/Dev/js/twitter-clone/src/node_modules"]}
[10:16:41.388] Finished typings discovery: {"cachedTypingPaths":[],"newTypingNames":["App.css"],"filesToWatch":["/home/milena/Dev/js/twitter-clone/src/utils/bower_components","/home/milena/Dev/js/twitter-clone/src/utils/node_modules","/home/milena/Dev/js/twitter-clone/src/bower_components","/home/milena/Dev/js/twitter-clone/src/node_modules"]}
[10:16:41.389] Installing typings ["App.css"]
[10:16:41.389] 'App.css':: Entry for package 'App.css' does not exist in local types registry - skipping...
[10:16:41.389] All typings are known to be missing or invalid - no need to install more typings
[10:16:41.389] Sending response:
    {"projectName":"/dev/null/inferredProject1*","typeAcquisition":{"enable":true,"include":[],"exclude":[]},"compilerOptions":{"module":1,"target":3,"jsx":1,"allowJs":true,"allowSyntheticDefaultImports":true,"allowNonTsExtensions":true,"noEmitForJsFiles":true,"maxNodeModuleJsDepth":2},"typings":[],"unresolvedImports":["App.css"],"kind":"action::set"}
[10:16:41.389] Response has been sent.
[10:16:45.959] Got install request {"projectName":"/dev/null/inferredProject1*","fileNames":["/home/milena/Dev/js/twitter-clone/node_modules/typescript/lib/lib.es5.d.ts","/home/milena/Dev/js/twitter-clone/node_modules/typescript/lib/lib.es2015.d.ts","/home/milena/Dev/js/twitter-clone/node_modules/typescript/lib/lib.es2016.d.ts","/home/milena/Dev/js/twitter-clone/node_modules/typescript/lib/lib.dom.d.ts","/home/milena/Dev/js/twitter-clone/node_modules/typescript/lib/lib.dom.iterable.d.ts","/home/milena/Dev/js/twitter-clone/node_modules/typescript/lib/lib.webworker.importscripts.d.ts","/home/milena/Dev/js/twitter-clone/node_modules/typescript/lib/lib.scripthost.d.ts","/home/milena/Dev/js/twitter-clone/node_modules/typescript/lib/lib.es2015.core.d.ts","/home/milena/Dev/js/twitter-clone/node_modules/typescript/lib/lib.es2015.collection.d.ts","/home/milena/Dev/js/twitter-clone/node_modules/typescript/lib/lib.es2015.generator.d.ts","/home/milena/Dev/js/twitter-clone/node_modules/typescript/lib/lib.es2015.iterable.d.ts","/home/milena/Dev/js/twitter-clone/node_modules/typescript/lib/lib.es2015.promise.d.ts","/home/milena/Dev/js/twitter-clone/node_modules/typescript/lib/lib.es2015.proxy.d.ts","/home/milena/Dev/js/twitter-clone/node_modules/typescript/lib/lib.es2015.reflect.d.ts","/home/milena/Dev/js/twitter-clone/node_modules/typescript/lib/lib.es2015.symbol.d.ts","/home/milena/Dev/js/twitter-clone/node_modules/typescript/lib/lib.es2015.symbol.wellknown.d.ts","/home/milena/Dev/js/twitter-clone/node_modules/typescript/lib/lib.es2016.array.include.d.ts","/home/milena/Dev/js/twitter-clone/node_modules/typescript/lib/lib.es2016.full.d.ts","/home/milena/Dev/js/twitter-clone/src/utils/firestore.js","/home/milena/Dev/js/twitter-clone/src/createTweet.js","/home/milena/Dev/js/twitter-clone/src/ImageInput.js","/home/milena/Dev/js/twitter-clone/src/NewTweet.js","/home/milena/Dev/js/twitter-clone/src/Home.js","/home/milena/Dev/js/twitter-clone/src/Explore.js","/home/milena/Dev/js/twitter-clone/src/Notifications.js","/home/milena/Dev/js/twitter-clone/src/Profile.js","/home/milena/Dev/js/twitter-clone/src/App.js"],"compilerOptions":{"module":1,"target":3,"jsx":1,"allowJs":true,"allowSyntheticDefaultImports":true,"allowNonTsExtensions":true,"noEmitForJsFiles":true,"maxNodeModuleJsDepth":2},"typeAcquisition":{"enable":true,"include":[],"exclude":[]},"unresolvedImports":[".App.css"],"projectRootPath":"/home/milena/Dev/js/twitter-clone/src","kind":"discover"}
[10:16:45.959] Explicitly included types: []
[10:16:45.960] Inferred typings from unresolved imports: [".App.css"]
[10:16:45.960] Result: {"cachedTypingPaths":[],"newTypingNames":[".App.css"],"filesToWatch":["/home/milena/Dev/js/twitter-clone/src/utils/bower_components","/home/milena/Dev/js/twitter-clone/src/utils/node_modules","/home/milena/Dev/js/twitter-clone/src/bower_components","/home/milena/Dev/js/twitter-clone/src/node_modules"]}
[10:16:45.960] Finished typings discovery: {"cachedTypingPaths":[],"newTypingNames":[".App.css"],"filesToWatch":["/home/milena/Dev/js/twitter-clone/src/utils/bower_components","/home/milena/Dev/js/twitter-clone/src/utils/node_modules","/home/milena/Dev/js/twitter-clone/src/bower_components","/home/milena/Dev/js/twitter-clone/src/node_modules"]}
[10:16:45.961] Installing typings [".App.css"]
[10:16:45.961] '.App.css':: Package name '.App.css' cannot start with '.'
[10:16:45.961] All typings are known to be missing or invalid - no need to install more typings
[10:16:45.961] Sending response:
    {"projectName":"/dev/null/inferredProject1*","typeAcquisition":{"enable":true,"include":[],"exclude":[]},"compilerOptions":{"module":1,"target":3,"jsx":1,"allowJs":true,"allowSyntheticDefaultImports":true,"allowNonTsExtensions":true,"noEmitForJsFiles":true,"maxNodeModuleJsDepth":2},"typings":[],"unresolvedImports":[".App.css"],"kind":"action::set"}
[10:16:45.961] Response has been sent.
[10:16:46.198] Got install request {"projectName":"/dev/null/inferredProject1*","fileNames":["/home/milena/Dev/js/twitter-clone/node_modules/typescript/lib/lib.es5.d.ts","/home/milena/Dev/js/twitter-clone/node_modules/typescript/lib/lib.es2015.d.ts","/home/milena/Dev/js/twitter-clone/node_modules/typescript/lib/lib.es2016.d.ts","/home/milena/Dev/js/twitter-clone/node_modules/typescript/lib/lib.dom.d.ts","/home/milena/Dev/js/twitter-clone/node_modules/typescript/lib/lib.dom.iterable.d.ts","/home/milena/Dev/js/twitter-clone/node_modules/typescript/lib/lib.webworker.importscripts.d.ts","/home/milena/Dev/js/twitter-clone/node_modules/typescript/lib/lib.scripthost.d.ts","/home/milena/Dev/js/twitter-clone/node_modules/typescript/lib/lib.es2015.core.d.ts","/home/milena/Dev/js/twitter-clone/node_modules/typescript/lib/lib.es2015.collection.d.ts","/home/milena/Dev/js/twitter-clone/node_modules/typescript/lib/lib.es2015.generator.d.ts","/home/milena/Dev/js/twitter-clone/node_modules/typescript/lib/lib.es2015.iterable.d.ts","/home/milena/Dev/js/twitter-clone/node_modules/typescript/lib/lib.es2015.promise.d.ts","/home/milena/Dev/js/twitter-clone/node_modules/typescript/lib/lib.es2015.proxy.d.ts","/home/milena/Dev/js/twitter-clone/node_modules/typescript/lib/lib.es2015.reflect.d.ts","/home/milena/Dev/js/twitter-clone/node_modules/typescript/lib/lib.es2015.symbol.d.ts","/home/milena/Dev/js/twitter-clone/node_modules/typescript/lib/lib.es2015.symbol.wellknown.d.ts","/home/milena/Dev/js/twitter-clone/node_modules/typescript/lib/lib.es2016.array.include.d.ts","/home/milena/Dev/js/twitter-clone/node_modules/typescript/lib/lib.es2016.full.d.ts","/home/milena/Dev/js/twitter-clone/src/utils/firestore.js","/home/milena/Dev/js/twitter-clone/src/createTweet.js","/home/milena/Dev/js/twitter-clone/src/ImageInput.js","/home/milena/Dev/js/twitter-clone/src/NewTweet.js","/home/milena/Dev/js/twitter-clone/src/Home.js","/home/milena/Dev/js/twitter-clone/src/Explore.js","/home/milena/Dev/js/twitter-clone/src/Notifications.js","/home/milena/Dev/js/twitter-clone/src/Profile.js","/home/milena/Dev/js/twitter-clone/src/App.js"],"compilerOptions":{"module":1,"target":3,"jsx":1,"allowJs":true,"allowSyntheticDefaultImports":true,"allowNonTsExtensions":true,"noEmitForJsFiles":true,"maxNodeModuleJsDepth":2},"typeAcquisition":{"enable":true,"include":[],"exclude":[]},"unresolvedImports":[],"projectRootPath":"/home/milena/Dev/js/twitter-clone/src","kind":"discover"}
[10:16:46.198] Explicitly included types: []
[10:16:46.198] Inferred typings from unresolved imports: []
[10:16:46.199] Result: {"cachedTypingPaths":[],"newTypingNames":[],"filesToWatch":["/home/milena/Dev/js/twitter-clone/src/utils/bower_components","/home/milena/Dev/js/twitter-clone/src/utils/node_modules","/home/milena/Dev/js/twitter-clone/src/bower_components","/home/milena/Dev/js/twitter-clone/src/node_modules"]}
[10:16:46.199] Finished typings discovery: {"cachedTypingPaths":[],"newTypingNames":[],"filesToWatch":["/home/milena/Dev/js/twitter-clone/src/utils/bower_components","/home/milena/Dev/js/twitter-clone/src/utils/node_modules","/home/milena/Dev/js/twitter-clone/src/bower_components","/home/milena/Dev/js/twitter-clone/src/node_modules"]}
[10:16:46.199] Sending response:
    {"projectName":"/dev/null/inferredProject1*","typeAcquisition":{"enable":true,"include":[],"exclude":[]},"compilerOptions":{"module":1,"target":3,"jsx":1,"allowJs":true,"allowSyntheticDefaultImports":true,"allowNonTsExtensions":true,"noEmitForJsFiles":true,"maxNodeModuleJsDepth":2},"typings":[],"unresolvedImports":[],"kind":"action::set"}
[10:16:46.199] Response has been sent.
[10:16:46.199] No new typings were requested as a result of typings discovery
[10:17:22.430] Got install request {"projectName":"/dev/null/inferredProject1*","fileNames":["/home/milena/Dev/js/twitter-clone/node_modules/typescript/lib/lib.es5.d.ts","/home/milena/Dev/js/twitter-clone/node_modules/typescript/lib/lib.es2015.d.ts","/home/milena/Dev/js/twitter-clone/node_modules/typescript/lib/lib.es2016.d.ts","/home/milena/Dev/js/twitter-clone/node_modules/typescript/lib/lib.dom.d.ts","/home/milena/Dev/js/twitter-clone/node_modules/typescript/lib/lib.dom.iterable.d.ts","/home/milena/Dev/js/twitter-clone/node_modules/typescript/lib/lib.webworker.importscripts.d.ts","/home/milena/Dev/js/twitter-clone/node_modules/typescript/lib/lib.scripthost.d.ts","/home/milena/Dev/js/twitter-clone/node_modules/typescript/lib/lib.es2015.core.d.ts","/home/milena/Dev/js/twitter-clone/node_modules/typescript/lib/lib.es2015.collection.d.ts","/home/milena/Dev/js/twitter-clone/node_modules/typescript/lib/lib.es2015.generator.d.ts","/home/milena/Dev/js/twitter-clone/node_modules/typescript/lib/lib.es2015.iterable.d.ts","/home/milena/Dev/js/twitter-clone/node_modules/typescript/lib/lib.es2015.promise.d.ts","/home/milena/Dev/js/twitter-clone/node_modules/typescript/lib/lib.es2015.proxy.d.ts","/home/milena/Dev/js/twitter-clone/node_modules/typescript/lib/lib.es2015.reflect.d.ts","/home/milena/Dev/js/twitter-clone/node_modules/typescript/lib/lib.es2015.symbol.d.ts","/home/milena/Dev/js/twitter-clone/node_modules/typescript/lib/lib.es2015.symbol.wellknown.d.ts","/home/milena/Dev/js/twitter-clone/node_modules/typescript/lib/lib.es2016.array.include.d.ts","/home/milena/Dev/js/twitter-clone/node_modules/typescript/lib/lib.es2016.full.d.ts","/home/milena/Dev/js/twitter-clone/src/utils/firestore.js","/home/milena/Dev/js/twitter-clone/src/createTweet.js","/home/milena/Dev/js/twitter-clone/src/ImageInput.js","/home/milena/Dev/js/twitter-clone/src/NewTweet.js","/home/milena/Dev/js/twitter-clone/src/Home.js","/home/milena/Dev/js/twitter-clone/src/Explore.js","/home/milena/Dev/js/twitter-clone/src/Notifications.js","/home/milena/Dev/js/twitter-clone/src/Profile.js","/home/milena/Dev/js/twitter-clone/src/App.js"],"compilerOptions":{"module":1,"target":3,"jsx":1,"allowJs":true,"allowSyntheticDefaultImports":true,"allowNonTsExtensions":true,"noEmitForJsFiles":true,"maxNodeModuleJsDepth":2},"typeAcquisition":{"enable":true,"include":[],"exclude":[]},"unresolvedImports":[".App.css"],"projectRootPath":"/home/milena/Dev/js/twitter-clone/src","kind":"discover"}
[10:17:22.430] Explicitly included types: []
[10:17:22.431] Inferred typings from unresolved imports: [".App.css"]
[10:17:22.431] Result: {"cachedTypingPaths":[],"newTypingNames":[".App.css"],"filesToWatch":["/home/milena/Dev/js/twitter-clone/src/utils/bower_components","/home/milena/Dev/js/twitter-clone/src/utils/node_modules","/home/milena/Dev/js/twitter-clone/src/bower_components","/home/milena/Dev/js/twitter-clone/src/node_modules"]}
[10:17:22.431] Finished typings discovery: {"cachedTypingPaths":[],"newTypingNames":[".App.css"],"filesToWatch":["/home/milena/Dev/js/twitter-clone/src/utils/bower_components","/home/milena/Dev/js/twitter-clone/src/utils/node_modules","/home/milena/Dev/js/twitter-clone/src/bower_components","/home/milena/Dev/js/twitter-clone/src/node_modules"]}
[10:17:22.431] Installing typings [".App.css"]
[10:17:22.431] '.App.css':: '.App.css' is in missingTypingsSet - skipping...
[10:17:22.431] All typings are known to be missing or invalid - no need to install more typings
[10:17:22.432] Sending response:
    {"projectName":"/dev/null/inferredProject1*","typeAcquisition":{"enable":true,"include":[],"exclude":[]},"compilerOptions":{"module":1,"target":3,"jsx":1,"allowJs":true,"allowSyntheticDefaultImports":true,"allowNonTsExtensions":true,"noEmitForJsFiles":true,"maxNodeModuleJsDepth":2},"typings":[],"unresolvedImports":[".App.css"],"kind":"action::set"}
[10:17:22.432] Response has been sent.
[10:17:23.273] Got install request {"projectName":"/dev/null/inferredProject1*","fileNames":["/home/milena/Dev/js/twitter-clone/node_modules/typescript/lib/lib.es5.d.ts","/home/milena/Dev/js/twitter-clone/node_modules/typescript/lib/lib.es2015.d.ts","/home/milena/Dev/js/twitter-clone/node_modules/typescript/lib/lib.es2016.d.ts","/home/milena/Dev/js/twitter-clone/node_modules/typescript/lib/lib.dom.d.ts","/home/milena/Dev/js/twitter-clone/node_modules/typescript/lib/lib.dom.iterable.d.ts","/home/milena/Dev/js/twitter-clone/node_modules/typescript/lib/lib.webworker.importscripts.d.ts","/home/milena/Dev/js/twitter-clone/node_modules/typescript/lib/lib.scripthost.d.ts","/home/milena/Dev/js/twitter-clone/node_modules/typescript/lib/lib.es2015.core.d.ts","/home/milena/Dev/js/twitter-clone/node_modules/typescript/lib/lib.es2015.collection.d.ts","/home/milena/Dev/js/twitter-clone/node_modules/typescript/lib/lib.es2015.generator.d.ts","/home/milena/Dev/js/twitter-clone/node_modules/typescript/lib/lib.es2015.iterable.d.ts","/home/milena/Dev/js/twitter-clone/node_modules/typescript/lib/lib.es2015.promise.d.ts","/home/milena/Dev/js/twitter-clone/node_modules/typescript/lib/lib.es2015.proxy.d.ts","/home/milena/Dev/js/twitter-clone/node_modules/typescript/lib/lib.es2015.reflect.d.ts","/home/milena/Dev/js/twitter-clone/node_modules/typescript/lib/lib.es2015.symbol.d.ts","/home/milena/Dev/js/twitter-clone/node_modules/typescript/lib/lib.es2015.symbol.wellknown.d.ts","/home/milena/Dev/js/twitter-clone/node_modules/typescript/lib/lib.es2016.array.include.d.ts","/home/milena/Dev/js/twitter-clone/node_modules/typescript/lib/lib.es2016.full.d.ts","/home/milena/Dev/js/twitter-clone/src/utils/firestore.js","/home/milena/Dev/js/twitter-clone/src/createTweet.js","/home/milena/Dev/js/twitter-clone/src/ImageInput.js","/home/milena/Dev/js/twitter-clone/src/NewTweet.js","/home/milena/Dev/js/twitter-clone/src/Home.js","/home/milena/Dev/js/twitter-clone/src/Explore.js","/home/milena/Dev/js/twitter-clone/src/Notifications.js","/home/milena/Dev/js/twitter-clone/src/Profile.js","/home/milena/Dev/js/twitter-clone/src/App.js"],"compilerOptions":{"module":1,"target":3,"jsx":1,"allowJs":true,"allowSyntheticDefaultImports":true,"allowNonTsExtensions":true,"noEmitForJsFiles":true,"maxNodeModuleJsDepth":2},"typeAcquisition":{"enable":true,"include":[],"exclude":[]},"unresolvedImports":[],"projectRootPath":"/home/milena/Dev/js/twitter-clone/src","kind":"discover"}
[10:17:23.274] Explicitly included types: []
[10:17:23.274] Inferred typings from unresolved imports: []
[10:17:23.274] Result: {"cachedTypingPaths":[],"newTypingNames":[],"filesToWatch":["/home/milena/Dev/js/twitter-clone/src/utils/bower_components","/home/milena/Dev/js/twitter-clone/src/utils/node_modules","/home/milena/Dev/js/twitter-clone/src/bower_components","/home/milena/Dev/js/twitter-clone/src/node_modules"]}
[10:17:23.274] Finished typings discovery: {"cachedTypingPaths":[],"newTypingNames":[],"filesToWatch":["/home/milena/Dev/js/twitter-clone/src/utils/bower_components","/home/milena/Dev/js/twitter-clone/src/utils/node_modules","/home/milena/Dev/js/twitter-clone/src/bower_components","/home/milena/Dev/js/twitter-clone/src/node_modules"]}
[10:17:23.275] Sending response:
    {"projectName":"/dev/null/inferredProject1*","typeAcquisition":{"enable":true,"include":[],"exclude":[]},"compilerOptions":{"module":1,"target":3,"jsx":1,"allowJs":true,"allowSyntheticDefaultImports":true,"allowNonTsExtensions":true,"noEmitForJsFiles":true,"maxNodeModuleJsDepth":2},"typings":[],"unresolvedImports":[],"kind":"action::set"}
[10:17:23.275] Response has been sent.
[10:17:23.275] No new typings were requested as a result of typings discovery
[10:34:46.906] Got install request {"projectName":"/dev/null/inferredProject1*","fileNames":["/home/milena/Dev/js/twitter-clone/node_modules/typescript/lib/lib.es5.d.ts","/home/milena/Dev/js/twitter-clone/node_modules/typescript/lib/lib.es2015.d.ts","/home/milena/Dev/js/twitter-clone/node_modules/typescript/lib/lib.es2016.d.ts","/home/milena/Dev/js/twitter-clone/node_modules/typescript/lib/lib.dom.d.ts","/home/milena/Dev/js/twitter-clone/node_modules/typescript/lib/lib.dom.iterable.d.ts","/home/milena/Dev/js/twitter-clone/node_modules/typescript/lib/lib.webworker.importscripts.d.ts","/home/milena/Dev/js/twitter-clone/node_modules/typescript/lib/lib.scripthost.d.ts","/home/milena/Dev/js/twitter-clone/node_modules/typescript/lib/lib.es2015.core.d.ts","/home/milena/Dev/js/twitter-clone/node_modules/typescript/lib/lib.es2015.collection.d.ts","/home/milena/Dev/js/twitter-clone/node_modules/typescript/lib/lib.es2015.generator.d.ts","/home/milena/Dev/js/twitter-clone/node_modules/typescript/lib/lib.es2015.iterable.d.ts","/home/milena/Dev/js/twitter-clone/node_modules/typescript/lib/lib.es2015.promise.d.ts","/home/milena/Dev/js/twitter-clone/node_modules/typescript/lib/lib.es2015.proxy.d.ts","/home/milena/Dev/js/twitter-clone/node_modules/typescript/lib/lib.es2015.reflect.d.ts","/home/milena/Dev/js/twitter-clone/node_modules/typescript/lib/lib.es2015.symbol.d.ts","/home/milena/Dev/js/twitter-clone/node_modules/typescript/lib/lib.es2015.symbol.wellknown.d.ts","/home/milena/Dev/js/twitter-clone/node_modules/typescript/lib/lib.es2016.array.include.d.ts","/home/milena/Dev/js/twitter-clone/node_modules/typescript/lib/lib.es2016.full.d.ts","/home/milena/Dev/js/twitter-clone/src/utils/firestore.js","/home/milena/Dev/js/twitter-clone/src/createTweet.js","/home/milena/Dev/js/twitter-clone/src/ImageInput.js","/home/milena/Dev/js/twitter-clone/src/index.js","/home/milena/Dev/js/twitter-clone/src/NewTweet.js","/home/milena/Dev/js/twitter-clone/src/Home.js","/home/milena/Dev/js/twitter-clone/src/Explore.js","/home/milena/Dev/js/twitter-clone/src/Notifications.js","/home/milena/Dev/js/twitter-clone/src/Profile.js","/home/milena/Dev/js/twitter-clone/src/App.js"],"compilerOptions":{"module":1,"target":3,"jsx":1,"allowJs":true,"allowSyntheticDefaultImports":true,"allowNonTsExtensions":true,"noEmitForJsFiles":true,"maxNodeModuleJsDepth":2},"typeAcquisition":{"enable":true,"include":[],"exclude":[]},"unresolvedImports":["@fontsource/roboto"],"projectRootPath":"/home/milena/Dev/js/twitter-clone/src","kind":"discover"}
[10:34:46.907] Explicitly included types: []
[10:34:46.907] Inferred typings from unresolved imports: ["@fontsource/roboto"]
[10:34:46.907] Result: {"cachedTypingPaths":[],"newTypingNames":["@fontsource/roboto"],"filesToWatch":["/home/milena/Dev/js/twitter-clone/src/utils/bower_components","/home/milena/Dev/js/twitter-clone/src/utils/node_modules","/home/milena/Dev/js/twitter-clone/src/bower_components","/home/milena/Dev/js/twitter-clone/src/node_modules"]}
[10:34:46.907] Finished typings discovery: {"cachedTypingPaths":[],"newTypingNames":["@fontsource/roboto"],"filesToWatch":["/home/milena/Dev/js/twitter-clone/src/utils/bower_components","/home/milena/Dev/js/twitter-clone/src/utils/node_modules","/home/milena/Dev/js/twitter-clone/src/bower_components","/home/milena/Dev/js/twitter-clone/src/node_modules"]}
[10:34:46.908] Installing typings ["@fontsource/roboto"]
[10:34:46.908] '@fontsource/roboto':: Entry for package 'fontsource__roboto' does not exist in local types registry - skipping...
[10:34:46.908] All typings are known to be missing or invalid - no need to install more typings
[10:34:46.908] Sending response:
    {"projectName":"/dev/null/inferredProject1*","typeAcquisition":{"enable":true,"include":[],"exclude":[]},"compilerOptions":{"module":1,"target":3,"jsx":1,"allowJs":true,"allowSyntheticDefaultImports":true,"allowNonTsExtensions":true,"noEmitForJsFiles":true,"maxNodeModuleJsDepth":2},"typings":[],"unresolvedImports":["@fontsource/roboto"],"kind":"action::set"}
[10:34:46.908] Response has been sent.
[10:34:46.908] Got install request {"projectName":"/dev/null/inferredProject1*","fileNames":["/home/milena/Dev/js/twitter-clone/node_modules/typescript/lib/lib.es5.d.ts","/home/milena/Dev/js/twitter-clone/node_modules/typescript/lib/lib.es2015.d.ts","/home/milena/Dev/js/twitter-clone/node_modules/typescript/lib/lib.es2016.d.ts","/home/milena/Dev/js/twitter-clone/node_modules/typescript/lib/lib.dom.d.ts","/home/milena/Dev/js/twitter-clone/node_modules/typescript/lib/lib.dom.iterable.d.ts","/home/milena/Dev/js/twitter-clone/node_modules/typescript/lib/lib.webworker.importscripts.d.ts","/home/milena/Dev/js/twitter-clone/node_modules/typescript/lib/lib.scripthost.d.ts","/home/milena/Dev/js/twitter-clone/node_modules/typescript/lib/lib.es2015.core.d.ts","/home/milena/Dev/js/twitter-clone/node_modules/typescript/lib/lib.es2015.collection.d.ts","/home/milena/Dev/js/twitter-clone/node_modules/typescript/lib/lib.es2015.generator.d.ts","/home/milena/Dev/js/twitter-clone/node_modules/typescript/lib/lib.es2015.iterable.d.ts","/home/milena/Dev/js/twitter-clone/node_modules/typescript/lib/lib.es2015.promise.d.ts","/home/milena/Dev/js/twitter-clone/node_modules/typescript/lib/lib.es2015.proxy.d.ts","/home/milena/Dev/js/twitter-clone/node_modules/typescript/lib/lib.es2015.reflect.d.ts","/home/milena/Dev/js/twitter-clone/node_modules/typescript/lib/lib.es2015.symbol.d.ts","/home/milena/Dev/js/twitter-clone/node_modules/typescript/lib/lib.es2015.symbol.wellknown.d.ts","/home/milena/Dev/js/twitter-clone/node_modules/typescript/lib/lib.es2016.array.include.d.ts","/home/milena/Dev/js/twitter-clone/node_modules/typescript/lib/lib.es2016.full.d.ts","/home/milena/Dev/js/twitter-clone/src/utils/firestore.js","/home/milena/Dev/js/twitter-clone/src/createTweet.js","/home/milena/Dev/js/twitter-clone/src/ImageInput.js","/home/milena/Dev/js/twitter-clone/src/NewTweet.js","/home/milena/Dev/js/twitter-clone/src/Home.js","/home/milena/Dev/js/twitter-clone/src/Explore.js","/home/milena/Dev/js/twitter-clone/src/Notifications.js","/home/milena/Dev/js/twitter-clone/src/Profile.js","/home/milena/Dev/js/twitter-clone/src/App.js"],"compilerOptions":{"module":1,"target":3,"jsx":1,"allowJs":true,"allowSyntheticDefaultImports":true,"allowNonTsExtensions":true,"noEmitForJsFiles":true,"maxNodeModuleJsDepth":2},"typeAcquisition":{"enable":true,"include":[],"exclude":[]},"unresolvedImports":[],"projectRootPath":"/home/milena/Dev/js/twitter-clone/src","kind":"discover"}
[10:34:46.909] Explicitly included types: []
[10:34:46.909] Inferred typings from unresolved imports: []
[10:34:46.909] Result: {"cachedTypingPaths":[],"newTypingNames":[],"filesToWatch":["/home/milena/Dev/js/twitter-clone/src/utils/bower_components","/home/milena/Dev/js/twitter-clone/src/utils/node_modules","/home/milena/Dev/js/twitter-clone/src/bower_components","/home/milena/Dev/js/twitter-clone/src/node_modules"]}
[10:34:46.909] Finished typings discovery: {"cachedTypingPaths":[],"newTypingNames":[],"filesToWatch":["/home/milena/Dev/js/twitter-clone/src/utils/bower_components","/home/milena/Dev/js/twitter-clone/src/utils/node_modules","/home/milena/Dev/js/twitter-clone/src/bower_components","/home/milena/Dev/js/twitter-clone/src/node_modules"]}
[10:34:46.910] Sending response:
    {"projectName":"/dev/null/inferredProject1*","typeAcquisition":{"enable":true,"include":[],"exclude":[]},"compilerOptions":{"module":1,"target":3,"jsx":1,"allowJs":true,"allowSyntheticDefaultImports":true,"allowNonTsExtensions":true,"noEmitForJsFiles":true,"maxNodeModuleJsDepth":2},"typings":[],"unresolvedImports":[],"kind":"action::set"}
[10:34:46.910] Response has been sent.
[10:34:46.910] No new typings were requested as a result of typings discovery
