[13:28:48.453] Global cache location '/home/milena/.cache/typescript/4.8', safe file path '/home/milena/Dev/js/twitter-clone/node_modules/typescript/lib/typingSafeList.json', types map path /home/milena/Dev/js/twitter-clone/node_modules/typescript/lib/typesMap.json
[13:28:48.455] Processing cache location '/home/milena/.cache/typescript/4.8'
[13:28:48.455] Trying to find '/home/milena/.cache/typescript/4.8/package.json'...
[13:28:48.462] Loaded content of '/home/milena/.cache/typescript/4.8/package.json': {"private":true,"dependencies":{"types-registry":"^0.1.612"},"devDependencies":{"@types/adm-zip":"^0.5.0","@types/babel__core":"^7.1.19","@types/babel__plugin-transform-runtime":"^7.9.2","@types/babel__preset-env":"^7.9.2","@types/body-parser":"^1.19.2","@types/co":"^4.6.3","@types/d":"^1.0.1","@types/dlv":"^1.1.2","@types/dot":"^1.1.5","@types/dotenv-webpack":"^7.0.3","@types/emoji-js":"^3.5.0","@types/emoji-mart":"^3.0.9","@types/eslint":"^8.4.6","@types/express":"^4.17.13","@types/facepaint":"^1.2.2","@types/lodash":"^4.14.186","@types/lodash.isequal":"^4.5.6","@types/merge-descriptors":"^1.0.1","@types/node-fetch":"^2.6.2","@types/path-browserify":"^1.0.0","@types/prettier":"^2.7.1","@types/pretty-quick":"^3.1.1","@types/prop-types":"^15.7.5","@types/react":"^18.0.21","@types/react-dom":"^18.0.6","@types/react-router-dom":"^5.3.3","@types/react-twemoji":"^0.4.0","@types/react-window":"^1.8.5","@types/react-window-infinite-loader":"^1.0.6","@types/serve-static":"^1.15.0","@types/sinon":"^10.0.13","@types/standard-version":"^7.0.1","@types/superagent":"^4.1.15","@types/tap":"^15.0.7","@types/testing-library__jest-dom":"^5.14.5","@types/uuid":"^8.3.4","@types/webpack":"^5.28.0"}}
[13:28:48.462] Loaded content of '/home/milena/.cache/typescript/4.8/package-lock.json'
[13:28:48.485] Adding entry into typings cache: 'adm-zip' => '/home/milena/.cache/typescript/4.8/node_modules/@types/adm-zip/index.d.ts'
[13:28:48.490] Adding entry into typings cache: 'babel__core' => '/home/milena/.cache/typescript/4.8/node_modules/@types/babel__core/index.d.ts'
[13:28:48.492] Adding entry into typings cache: 'babel__plugin-transform-runtime' => '/home/milena/.cache/typescript/4.8/node_modules/@types/babel__plugin-transform-runtime/index.d.ts'
[13:28:48.494] Adding entry into typings cache: 'babel__preset-env' => '/home/milena/.cache/typescript/4.8/node_modules/@types/babel__preset-env/index.d.ts'
[13:28:48.497] Adding entry into typings cache: 'body-parser' => '/home/milena/.cache/typescript/4.8/node_modules/@types/body-parser/index.d.ts'
[13:28:48.501] Adding entry into typings cache: 'co' => '/home/milena/.cache/typescript/4.8/node_modules/@types/co/index.d.ts'
[13:28:48.503] Adding entry into typings cache: 'd' => '/home/milena/.cache/typescript/4.8/node_modules/@types/d/index.d.ts'
[13:28:48.505] Adding entry into typings cache: 'dlv' => '/home/milena/.cache/typescript/4.8/node_modules/@types/dlv/index.d.ts'
[13:28:48.508] Adding entry into typings cache: 'dot' => '/home/milena/.cache/typescript/4.8/node_modules/@types/dot/index.d.ts'
[13:28:48.512] Adding entry into typings cache: 'dotenv-webpack' => '/home/milena/.cache/typescript/4.8/node_modules/@types/dotenv-webpack/index.d.ts'
[13:28:48.515] Adding entry into typings cache: 'emoji-js' => '/home/milena/.cache/typescript/4.8/node_modules/@types/emoji-js/index.d.ts'
[13:28:48.517] Adding entry into typings cache: 'emoji-mart' => '/home/milena/.cache/typescript/4.8/node_modules/@types/emoji-mart/index.d.ts'
[13:28:48.523] Adding entry into typings cache: 'eslint' => '/home/milena/.cache/typescript/4.8/node_modules/@types/eslint/index.d.ts'
[13:28:48.528] Adding entry into typings cache: 'express' => '/home/milena/.cache/typescript/4.8/node_modules/@types/express/index.d.ts'
[13:28:48.531] Adding entry into typings cache: 'facepaint' => '/home/milena/.cache/typescript/4.8/node_modules/@types/facepaint/index.d.ts'
[13:28:48.533] Adding entry into typings cache: 'lodash' => '/home/milena/.cache/typescript/4.8/node_modules/@types/lodash/index.d.ts'
[13:28:48.535] Adding entry into typings cache: 'lodash.isequal' => '/home/milena/.cache/typescript/4.8/node_modules/@types/lodash.isequal/index.d.ts'
[13:28:48.537] Adding entry into typings cache: 'merge-descriptors' => '/home/milena/.cache/typescript/4.8/node_modules/@types/merge-descriptors/index.d.ts'
[13:28:48.540] Adding entry into typings cache: 'node-fetch' => '/home/milena/.cache/typescript/4.8/node_modules/@types/node-fetch/index.d.ts'
[13:28:48.544] Adding entry into typings cache: 'path-browserify' => '/home/milena/.cache/typescript/4.8/node_modules/@types/path-browserify/index.d.ts'
[13:28:48.547] Adding entry into typings cache: 'prettier' => '/home/milena/.cache/typescript/4.8/node_modules/@types/prettier/index.d.ts'
[13:28:48.548] Adding entry into typings cache: 'pretty-quick' => '/home/milena/.cache/typescript/4.8/node_modules/@types/pretty-quick/index.d.ts'
[13:28:48.550] Adding entry into typings cache: 'prop-types' => '/home/milena/.cache/typescript/4.8/node_modules/@types/prop-types/index.d.ts'
[13:28:48.555] Adding entry into typings cache: 'react' => '/home/milena/.cache/typescript/4.8/node_modules/@types/react/index.d.ts'
[13:28:48.557] Adding entry into typings cache: 'react-dom' => '/home/milena/.cache/typescript/4.8/node_modules/@types/react-dom/index.d.ts'
[13:28:48.560] Adding entry into typings cache: 'react-router-dom' => '/home/milena/.cache/typescript/4.8/node_modules/@types/react-router-dom/index.d.ts'
[13:28:48.562] Adding entry into typings cache: 'react-twemoji' => '/home/milena/.cache/typescript/4.8/node_modules/@types/react-twemoji/index.d.ts'
[13:28:48.563] Adding entry into typings cache: 'react-window' => '/home/milena/.cache/typescript/4.8/node_modules/@types/react-window/index.d.ts'
[13:28:48.565] Adding entry into typings cache: 'react-window-infinite-loader' => '/home/milena/.cache/typescript/4.8/node_modules/@types/react-window-infinite-loader/index.d.ts'
[13:28:48.567] Adding entry into typings cache: 'serve-static' => '/home/milena/.cache/typescript/4.8/node_modules/@types/serve-static/index.d.ts'
[13:28:48.569] Adding entry into typings cache: 'sinon' => '/home/milena/.cache/typescript/4.8/node_modules/@types/sinon/index.d.ts'
[13:28:48.570] Adding entry into typings cache: 'standard-version' => '/home/milena/.cache/typescript/4.8/node_modules/@types/standard-version/index.d.ts'
[13:28:48.573] Adding entry into typings cache: 'superagent' => '/home/milena/.cache/typescript/4.8/node_modules/@types/superagent/index.d.ts'
[13:28:48.575] Adding entry into typings cache: 'tap' => '/home/milena/.cache/typescript/4.8/node_modules/@types/tap/index.d.ts'
[13:28:48.576] Adding entry into typings cache: 'testing-library__jest-dom' => '/home/milena/.cache/typescript/4.8/node_modules/@types/testing-library__jest-dom/index.d.ts'
[13:28:48.579] Adding entry into typings cache: 'uuid' => '/home/milena/.cache/typescript/4.8/node_modules/@types/uuid/index.d.ts'
[13:28:48.588] Adding entry into typings cache: 'webpack' => '/home/milena/.cache/typescript/4.8/node_modules/webpack/types.d.ts'
[13:28:48.588] Finished processing cache location '/home/milena/.cache/typescript/4.8'
[13:28:48.589] Process id: 42277
[13:28:48.589] NPM location: /usr/bin/npm (explicit '--npmLocation' not  provided)
[13:28:48.589] validateDefaultNpmLocation: false
[13:28:48.589] Npm config file: /home/milena/.cache/typescript/4.8/package.json
[13:28:48.590] Updating types-registry npm package...
[13:28:48.590] Exec: /usr/bin/npm install --ignore-scripts types-registry@latest
[13:28:50.943]     Succeeded. stdout:
    
    changed 1 package, and audited 186 packages in 2s

13 packages are looking for funding
  run `npm fund` for details

found 0 vulnerabilities

[13:28:50.943] Updated types-registry npm package
[13:28:54.942] Got install request {"projectName":"/dev/null/inferredProject1*","fileNames":["/home/milena/Dev/js/twitter-clone/node_modules/typescript/lib/lib.es5.d.ts","/home/milena/Dev/js/twitter-clone/node_modules/typescript/lib/lib.es2015.d.ts","/home/milena/Dev/js/twitter-clone/node_modules/typescript/lib/lib.es2016.d.ts","/home/milena/Dev/js/twitter-clone/node_modules/typescript/lib/lib.dom.d.ts","/home/milena/Dev/js/twitter-clone/node_modules/typescript/lib/lib.dom.iterable.d.ts","/home/milena/Dev/js/twitter-clone/node_modules/typescript/lib/lib.webworker.importscripts.d.ts","/home/milena/Dev/js/twitter-clone/node_modules/typescript/lib/lib.scripthost.d.ts","/home/milena/Dev/js/twitter-clone/node_modules/typescript/lib/lib.es2015.core.d.ts","/home/milena/Dev/js/twitter-clone/node_modules/typescript/lib/lib.es2015.collection.d.ts","/home/milena/Dev/js/twitter-clone/node_modules/typescript/lib/lib.es2015.generator.d.ts","/home/milena/Dev/js/twitter-clone/node_modules/typescript/lib/lib.es2015.iterable.d.ts","/home/milena/Dev/js/twitter-clone/node_modules/typescript/lib/lib.es2015.promise.d.ts","/home/milena/Dev/js/twitter-clone/node_modules/typescript/lib/lib.es2015.proxy.d.ts","/home/milena/Dev/js/twitter-clone/node_modules/typescript/lib/lib.es2015.reflect.d.ts","/home/milena/Dev/js/twitter-clone/node_modules/typescript/lib/lib.es2015.symbol.d.ts","/home/milena/Dev/js/twitter-clone/node_modules/typescript/lib/lib.es2015.symbol.wellknown.d.ts","/home/milena/Dev/js/twitter-clone/node_modules/typescript/lib/lib.es2016.array.include.d.ts","/home/milena/Dev/js/twitter-clone/node_modules/typescript/lib/lib.es2016.full.d.ts","/home/milena/Dev/js/twitter-clone/src/Tweet.js"],"compilerOptions":{"module":1,"target":3,"jsx":1,"allowJs":true,"allowSyntheticDefaultImports":true,"allowNonTsExtensions":true,"noEmitForJsFiles":true,"maxNodeModuleJsDepth":2},"typeAcquisition":{"enable":true,"include":[],"exclude":[]},"unresolvedImports":[],"projectRootPath":"/home/milena/Dev/js/twitter-clone/src","kind":"discover"}
[13:28:54.963] Loaded safelist from types map file '/home/milena/Dev/js/twitter-clone/node_modules/typescript/lib/typesMap.json'
[13:28:54.964] Explicitly included types: []
[13:28:54.966] Inferred typings from unresolved imports: []
[13:28:54.966] Result: {"cachedTypingPaths":[],"newTypingNames":[],"filesToWatch":["/home/milena/Dev/js/twitter-clone/src/bower_components","/home/milena/Dev/js/twitter-clone/src/node_modules"]}
[13:28:54.966] Finished typings discovery: {"cachedTypingPaths":[],"newTypingNames":[],"filesToWatch":["/home/milena/Dev/js/twitter-clone/src/bower_components","/home/milena/Dev/js/twitter-clone/src/node_modules"]}
[13:28:54.967] DirectoryWatcher:: Added:: WatchInfo: /home/milena/Dev/js/twitter-clone/src/bower_components
[13:28:54.968] DirectoryWatcher:: Added:: WatchInfo: /home/milena/Dev/js/twitter-clone/src/bower_components 1 undefined Project: /dev/null/inferredProject1* watcher already invoked: false
[13:28:54.972] Elapsed:: 3.4585690051317215ms DirectoryWatcher:: Added:: WatchInfo: /home/milena/Dev/js/twitter-clone/src/bower_components 1 undefined Project: /dev/null/inferredProject1* watcher already invoked: false
[13:28:54.972] DirectoryWatcher:: Added:: WatchInfo: /home/milena/Dev/js/twitter-clone/src/node_modules
[13:28:54.972] DirectoryWatcher:: Added:: WatchInfo: /home/milena/Dev/js/twitter-clone/src/node_modules 1 undefined Project: /dev/null/inferredProject1* watcher already invoked: false
[13:28:54.972] Elapsed:: 0.17003799974918365ms DirectoryWatcher:: Added:: WatchInfo: /home/milena/Dev/js/twitter-clone/src/node_modules 1 undefined Project: /dev/null/inferredProject1* watcher already invoked: false
[13:28:54.973] Sending response:
    {"projectName":"/dev/null/inferredProject1*","typeAcquisition":{"enable":true,"include":[],"exclude":[]},"compilerOptions":{"module":1,"target":3,"jsx":1,"allowJs":true,"allowSyntheticDefaultImports":true,"allowNonTsExtensions":true,"noEmitForJsFiles":true,"maxNodeModuleJsDepth":2},"typings":[],"unresolvedImports":[],"kind":"action::set"}
[13:28:54.973] Response has been sent.
[13:28:54.973] No new typings were requested as a result of typings discovery
[13:43:23.998] Got install request {"projectName":"/dev/null/inferredProject2*","fileNames":["/home/milena/Dev/js/twitter-clone/node_modules/typescript/lib/lib.es5.d.ts","/home/milena/Dev/js/twitter-clone/node_modules/typescript/lib/lib.es2015.d.ts","/home/milena/Dev/js/twitter-clone/node_modules/typescript/lib/lib.es2016.d.ts","/home/milena/Dev/js/twitter-clone/node_modules/typescript/lib/lib.dom.d.ts","/home/milena/Dev/js/twitter-clone/node_modules/typescript/lib/lib.dom.iterable.d.ts","/home/milena/Dev/js/twitter-clone/node_modules/typescript/lib/lib.webworker.importscripts.d.ts","/home/milena/Dev/js/twitter-clone/node_modules/typescript/lib/lib.scripthost.d.ts","/home/milena/Dev/js/twitter-clone/node_modules/typescript/lib/lib.es2015.core.d.ts","/home/milena/Dev/js/twitter-clone/node_modules/typescript/lib/lib.es2015.collection.d.ts","/home/milena/Dev/js/twitter-clone/node_modules/typescript/lib/lib.es2015.generator.d.ts","/home/milena/Dev/js/twitter-clone/node_modules/typescript/lib/lib.es2015.iterable.d.ts","/home/milena/Dev/js/twitter-clone/node_modules/typescript/lib/lib.es2015.promise.d.ts","/home/milena/Dev/js/twitter-clone/node_modules/typescript/lib/lib.es2015.proxy.d.ts","/home/milena/Dev/js/twitter-clone/node_modules/typescript/lib/lib.es2015.reflect.d.ts","/home/milena/Dev/js/twitter-clone/node_modules/typescript/lib/lib.es2015.symbol.d.ts","/home/milena/Dev/js/twitter-clone/node_modules/typescript/lib/lib.es2015.symbol.wellknown.d.ts","/home/milena/Dev/js/twitter-clone/node_modules/typescript/lib/lib.es2016.array.include.d.ts","/home/milena/Dev/js/twitter-clone/node_modules/typescript/lib/lib.es2016.full.d.ts","/home/milena/Dev/js/twitter-clone/src/utils/firestore.js","/home/milena/Dev/js/twitter-clone/src/createTweet.js"],"compilerOptions":{"module":1,"target":3,"jsx":1,"allowJs":true,"allowSyntheticDefaultImports":true,"allowNonTsExtensions":true,"noEmitForJsFiles":true,"maxNodeModuleJsDepth":2},"typeAcquisition":{"enable":true,"include":[],"exclude":[]},"unresolvedImports":[],"projectRootPath":"/home/milena/Dev/js/twitter-clone/src","kind":"discover"}
[13:43:23.998] Explicitly included types: []
[13:43:23.998] Inferred typings from unresolved imports: []
[13:43:23.999] Result: {"cachedTypingPaths":[],"newTypingNames":[],"filesToWatch":["/home/milena/Dev/js/twitter-clone/src/utils/bower_components","/home/milena/Dev/js/twitter-clone/src/utils/node_modules","/home/milena/Dev/js/twitter-clone/src/bower_components","/home/milena/Dev/js/twitter-clone/src/node_modules"]}
[13:43:23.999] Finished typings discovery: {"cachedTypingPaths":[],"newTypingNames":[],"filesToWatch":["/home/milena/Dev/js/twitter-clone/src/utils/bower_components","/home/milena/Dev/js/twitter-clone/src/utils/node_modules","/home/milena/Dev/js/twitter-clone/src/bower_components","/home/milena/Dev/js/twitter-clone/src/node_modules"]}
[13:43:23.999] DirectoryWatcher:: Added:: WatchInfo: /home/milena/Dev/js/twitter-clone/src/utils
[13:43:23.999] DirectoryWatcher:: Added:: WatchInfo: /home/milena/Dev/js/twitter-clone/src/utils 1 undefined Project: /dev/null/inferredProject2* watcher already invoked: false
[13:43:24.000] Elapsed:: 1.53243900090456ms DirectoryWatcher:: Added:: WatchInfo: /home/milena/Dev/js/twitter-clone/src/utils 1 undefined Project: /dev/null/inferredProject2* watcher already invoked: false
[13:43:24.001] DirectoryWatcher:: Added:: WatchInfo: /home/milena/Dev/js/twitter-clone/src/bower_components
[13:43:24.001] DirectoryWatcher:: Added:: WatchInfo: /home/milena/Dev/js/twitter-clone/src/bower_components 1 undefined Project: /dev/null/inferredProject2* watcher already invoked: false
[13:43:24.001] Elapsed:: 0.029558993875980377ms DirectoryWatcher:: Added:: WatchInfo: /home/milena/Dev/js/twitter-clone/src/bower_components 1 undefined Project: /dev/null/inferredProject2* watcher already invoked: false
[13:43:24.001] DirectoryWatcher:: Added:: WatchInfo: /home/milena/Dev/js/twitter-clone/src/node_modules
[13:43:24.001] DirectoryWatcher:: Added:: WatchInfo: /home/milena/Dev/js/twitter-clone/src/node_modules 1 undefined Project: /dev/null/inferredProject2* watcher already invoked: false
[13:43:24.001] Elapsed:: 0.023743003606796265ms DirectoryWatcher:: Added:: WatchInfo: /home/milena/Dev/js/twitter-clone/src/node_modules 1 undefined Project: /dev/null/inferredProject2* watcher already invoked: false
[13:43:24.001] Sending response:
    {"projectName":"/dev/null/inferredProject2*","typeAcquisition":{"enable":true,"include":[],"exclude":[]},"compilerOptions":{"module":1,"target":3,"jsx":1,"allowJs":true,"allowSyntheticDefaultImports":true,"allowNonTsExtensions":true,"noEmitForJsFiles":true,"maxNodeModuleJsDepth":2},"typings":[],"unresolvedImports":[],"kind":"action::set"}
[13:43:24.002] Response has been sent.
[13:43:24.002] No new typings were requested as a result of typings discovery
[13:43:54.127] Got install request {"projectName":"/dev/null/inferredProject3*","fileNames":["/home/milena/Dev/js/twitter-clone/node_modules/typescript/lib/lib.es5.d.ts","/home/milena/Dev/js/twitter-clone/node_modules/typescript/lib/lib.es2015.d.ts","/home/milena/Dev/js/twitter-clone/node_modules/typescript/lib/lib.es2016.d.ts","/home/milena/Dev/js/twitter-clone/node_modules/typescript/lib/lib.dom.d.ts","/home/milena/Dev/js/twitter-clone/node_modules/typescript/lib/lib.dom.iterable.d.ts","/home/milena/Dev/js/twitter-clone/node_modules/typescript/lib/lib.webworker.importscripts.d.ts","/home/milena/Dev/js/twitter-clone/node_modules/typescript/lib/lib.scripthost.d.ts","/home/milena/Dev/js/twitter-clone/node_modules/typescript/lib/lib.es2015.core.d.ts","/home/milena/Dev/js/twitter-clone/node_modules/typescript/lib/lib.es2015.collection.d.ts","/home/milena/Dev/js/twitter-clone/node_modules/typescript/lib/lib.es2015.generator.d.ts","/home/milena/Dev/js/twitter-clone/node_modules/typescript/lib/lib.es2015.iterable.d.ts","/home/milena/Dev/js/twitter-clone/node_modules/typescript/lib/lib.es2015.promise.d.ts","/home/milena/Dev/js/twitter-clone/node_modules/typescript/lib/lib.es2015.proxy.d.ts","/home/milena/Dev/js/twitter-clone/node_modules/typescript/lib/lib.es2015.reflect.d.ts","/home/milena/Dev/js/twitter-clone/node_modules/typescript/lib/lib.es2015.symbol.d.ts","/home/milena/Dev/js/twitter-clone/node_modules/typescript/lib/lib.es2015.symbol.wellknown.d.ts","/home/milena/Dev/js/twitter-clone/node_modules/typescript/lib/lib.es2016.array.include.d.ts","/home/milena/Dev/js/twitter-clone/node_modules/typescript/lib/lib.es2016.full.d.ts","/home/milena/Dev/js/twitter-clone/src/utils/firestore.js","/home/milena/Dev/js/twitter-clone/src/createTweet.js","/home/milena/Dev/js/twitter-clone/src/ImageInput.js","/home/milena/Dev/js/twitter-clone/src/EmojiPicker.js","/home/milena/Dev/js/twitter-clone/src/ProfilePic.js","/home/milena/Dev/js/twitter-clone/src/NewTweet.js","/home/milena/Dev/js/twitter-clone/src/Tweet.js","/home/milena/Dev/js/twitter-clone/src/Home.js"],"compilerOptions":{"module":1,"target":3,"jsx":1,"allowJs":true,"allowSyntheticDefaultImports":true,"allowNonTsExtensions":true,"noEmitForJsFiles":true,"maxNodeModuleJsDepth":2},"typeAcquisition":{"enable":true,"include":[],"exclude":[]},"unresolvedImports":[],"projectRootPath":"/home/milena/Dev/js/twitter-clone/src","kind":"discover"}
[13:43:54.127] Explicitly included types: []
[13:43:54.127] Inferred typings from unresolved imports: []
[13:43:54.128] Result: {"cachedTypingPaths":[],"newTypingNames":[],"filesToWatch":["/home/milena/Dev/js/twitter-clone/src/utils/bower_components","/home/milena/Dev/js/twitter-clone/src/utils/node_modules","/home/milena/Dev/js/twitter-clone/src/bower_components","/home/milena/Dev/js/twitter-clone/src/node_modules"]}
[13:43:54.128] Finished typings discovery: {"cachedTypingPaths":[],"newTypingNames":[],"filesToWatch":["/home/milena/Dev/js/twitter-clone/src/utils/bower_components","/home/milena/Dev/js/twitter-clone/src/utils/node_modules","/home/milena/Dev/js/twitter-clone/src/bower_components","/home/milena/Dev/js/twitter-clone/src/node_modules"]}
[13:43:54.128] DirectoryWatcher:: Added:: WatchInfo: /home/milena/Dev/js/twitter-clone/src/utils
[13:43:54.128] DirectoryWatcher:: Added:: WatchInfo: /home/milena/Dev/js/twitter-clone/src/utils 1 undefined Project: /dev/null/inferredProject3* watcher already invoked: false
[13:43:54.128] Elapsed:: 0.019380003213882446ms DirectoryWatcher:: Added:: WatchInfo: /home/milena/Dev/js/twitter-clone/src/utils 1 undefined Project: /dev/null/inferredProject3* watcher already invoked: false
[13:43:54.128] DirectoryWatcher:: Added:: WatchInfo: /home/milena/Dev/js/twitter-clone/src/bower_components
[13:43:54.128] DirectoryWatcher:: Added:: WatchInfo: /home/milena/Dev/js/twitter-clone/src/bower_components 1 undefined Project: /dev/null/inferredProject3* watcher already invoked: false
[13:43:54.128] Elapsed:: 0.014391005039215088ms DirectoryWatcher:: Added:: WatchInfo: /home/milena/Dev/js/twitter-clone/src/bower_components 1 undefined Project: /dev/null/inferredProject3* watcher already invoked: false
[13:43:54.128] DirectoryWatcher:: Added:: WatchInfo: /home/milena/Dev/js/twitter-clone/src/node_modules
[13:43:54.128] DirectoryWatcher:: Added:: WatchInfo: /home/milena/Dev/js/twitter-clone/src/node_modules 1 undefined Project: /dev/null/inferredProject3* watcher already invoked: false
[13:43:54.128] Elapsed:: 0.014532998204231262ms DirectoryWatcher:: Added:: WatchInfo: /home/milena/Dev/js/twitter-clone/src/node_modules 1 undefined Project: /dev/null/inferredProject3* watcher already invoked: false
[13:43:54.128] Sending response:
    {"projectName":"/dev/null/inferredProject3*","typeAcquisition":{"enable":true,"include":[],"exclude":[]},"compilerOptions":{"module":1,"target":3,"jsx":1,"allowJs":true,"allowSyntheticDefaultImports":true,"allowNonTsExtensions":true,"noEmitForJsFiles":true,"maxNodeModuleJsDepth":2},"typings":[],"unresolvedImports":[],"kind":"action::set"}
[13:43:54.128] Response has been sent.
[13:43:54.128] No new typings were requested as a result of typings discovery
[13:51:17.357] Got install request {"projectName":"/dev/null/inferredProject3*","fileNames":["/home/milena/Dev/js/twitter-clone/node_modules/typescript/lib/lib.es5.d.ts","/home/milena/Dev/js/twitter-clone/node_modules/typescript/lib/lib.es2015.d.ts","/home/milena/Dev/js/twitter-clone/node_modules/typescript/lib/lib.es2016.d.ts","/home/milena/Dev/js/twitter-clone/node_modules/typescript/lib/lib.dom.d.ts","/home/milena/Dev/js/twitter-clone/node_modules/typescript/lib/lib.dom.iterable.d.ts","/home/milena/Dev/js/twitter-clone/node_modules/typescript/lib/lib.webworker.importscripts.d.ts","/home/milena/Dev/js/twitter-clone/node_modules/typescript/lib/lib.scripthost.d.ts","/home/milena/Dev/js/twitter-clone/node_modules/typescript/lib/lib.es2015.core.d.ts","/home/milena/Dev/js/twitter-clone/node_modules/typescript/lib/lib.es2015.collection.d.ts","/home/milena/Dev/js/twitter-clone/node_modules/typescript/lib/lib.es2015.generator.d.ts","/home/milena/Dev/js/twitter-clone/node_modules/typescript/lib/lib.es2015.iterable.d.ts","/home/milena/Dev/js/twitter-clone/node_modules/typescript/lib/lib.es2015.promise.d.ts","/home/milena/Dev/js/twitter-clone/node_modules/typescript/lib/lib.es2015.proxy.d.ts","/home/milena/Dev/js/twitter-clone/node_modules/typescript/lib/lib.es2015.reflect.d.ts","/home/milena/Dev/js/twitter-clone/node_modules/typescript/lib/lib.es2015.symbol.d.ts","/home/milena/Dev/js/twitter-clone/node_modules/typescript/lib/lib.es2015.symbol.wellknown.d.ts","/home/milena/Dev/js/twitter-clone/node_modules/typescript/lib/lib.es2016.array.include.d.ts","/home/milena/Dev/js/twitter-clone/node_modules/typescript/lib/lib.es2016.full.d.ts","/home/milena/Dev/js/twitter-clone/src/utils/firestore.js","/home/milena/Dev/js/twitter-clone/src/createTweet.js","/home/milena/Dev/js/twitter-clone/src/ImageInput.js","/home/milena/Dev/js/twitter-clone/src/EmojiPicker.js","/home/milena/Dev/js/twitter-clone/src/ProfilePic.js","/home/milena/Dev/js/twitter-clone/src/NewTweet.js","/home/milena/Dev/js/twitter-clone/src/Tweet.js","/home/milena/Dev/js/twitter-clone/src/Home.js"],"compilerOptions":{"module":1,"target":3,"jsx":1,"allowJs":true,"allowSyntheticDefaultImports":true,"allowNonTsExtensions":true,"noEmitForJsFiles":true,"maxNodeModuleJsDepth":2},"typeAcquisition":{"enable":true,"include":[],"exclude":[]},"unresolvedImports":["fire"],"projectRootPath":"/home/milena/Dev/js/twitter-clone/src","kind":"discover"}
[13:51:17.357] Explicitly included types: []
[13:51:17.358] Inferred typings from unresolved imports: ["fire"]
[13:51:17.358] Result: {"cachedTypingPaths":[],"newTypingNames":["fire"],"filesToWatch":["/home/milena/Dev/js/twitter-clone/src/utils/bower_components","/home/milena/Dev/js/twitter-clone/src/utils/node_modules","/home/milena/Dev/js/twitter-clone/src/bower_components","/home/milena/Dev/js/twitter-clone/src/node_modules"]}
[13:51:17.358] Finished typings discovery: {"cachedTypingPaths":[],"newTypingNames":["fire"],"filesToWatch":["/home/milena/Dev/js/twitter-clone/src/utils/bower_components","/home/milena/Dev/js/twitter-clone/src/utils/node_modules","/home/milena/Dev/js/twitter-clone/src/bower_components","/home/milena/Dev/js/twitter-clone/src/node_modules"]}
[13:51:17.358] Installing typings ["fire"]
[13:51:17.359] 'fire':: Entry for package 'fire' does not exist in local types registry - skipping...
[13:51:17.359] All typings are known to be missing or invalid - no need to install more typings
[13:51:17.359] Sending response:
    {"projectName":"/dev/null/inferredProject3*","typeAcquisition":{"enable":true,"include":[],"exclude":[]},"compilerOptions":{"module":1,"target":3,"jsx":1,"allowJs":true,"allowSyntheticDefaultImports":true,"allowNonTsExtensions":true,"noEmitForJsFiles":true,"maxNodeModuleJsDepth":2},"typings":[],"unresolvedImports":["fire"],"kind":"action::set"}
[13:51:17.359] Response has been sent.
[13:51:17.959] Got install request {"projectName":"/dev/null/inferredProject3*","fileNames":["/home/milena/Dev/js/twitter-clone/node_modules/typescript/lib/lib.es5.d.ts","/home/milena/Dev/js/twitter-clone/node_modules/typescript/lib/lib.es2015.d.ts","/home/milena/Dev/js/twitter-clone/node_modules/typescript/lib/lib.es2016.d.ts","/home/milena/Dev/js/twitter-clone/node_modules/typescript/lib/lib.dom.d.ts","/home/milena/Dev/js/twitter-clone/node_modules/typescript/lib/lib.dom.iterable.d.ts","/home/milena/Dev/js/twitter-clone/node_modules/typescript/lib/lib.webworker.importscripts.d.ts","/home/milena/Dev/js/twitter-clone/node_modules/typescript/lib/lib.scripthost.d.ts","/home/milena/Dev/js/twitter-clone/node_modules/typescript/lib/lib.es2015.core.d.ts","/home/milena/Dev/js/twitter-clone/node_modules/typescript/lib/lib.es2015.collection.d.ts","/home/milena/Dev/js/twitter-clone/node_modules/typescript/lib/lib.es2015.generator.d.ts","/home/milena/Dev/js/twitter-clone/node_modules/typescript/lib/lib.es2015.iterable.d.ts","/home/milena/Dev/js/twitter-clone/node_modules/typescript/lib/lib.es2015.promise.d.ts","/home/milena/Dev/js/twitter-clone/node_modules/typescript/lib/lib.es2015.proxy.d.ts","/home/milena/Dev/js/twitter-clone/node_modules/typescript/lib/lib.es2015.reflect.d.ts","/home/milena/Dev/js/twitter-clone/node_modules/typescript/lib/lib.es2015.symbol.d.ts","/home/milena/Dev/js/twitter-clone/node_modules/typescript/lib/lib.es2015.symbol.wellknown.d.ts","/home/milena/Dev/js/twitter-clone/node_modules/typescript/lib/lib.es2016.array.include.d.ts","/home/milena/Dev/js/twitter-clone/node_modules/typescript/lib/lib.es2016.full.d.ts","/home/milena/Dev/js/twitter-clone/src/utils/firestore.js","/home/milena/Dev/js/twitter-clone/src/createTweet.js","/home/milena/Dev/js/twitter-clone/src/ImageInput.js","/home/milena/Dev/js/twitter-clone/src/EmojiPicker.js","/home/milena/Dev/js/twitter-clone/src/ProfilePic.js","/home/milena/Dev/js/twitter-clone/src/NewTweet.js","/home/milena/Dev/js/twitter-clone/src/Tweet.js","/home/milena/Dev/js/twitter-clone/src/Home.js"],"compilerOptions":{"module":1,"target":3,"jsx":1,"allowJs":true,"allowSyntheticDefaultImports":true,"allowNonTsExtensions":true,"noEmitForJsFiles":true,"maxNodeModuleJsDepth":2},"typeAcquisition":{"enable":true,"include":[],"exclude":[]},"unresolvedImports":["firebase"],"projectRootPath":"/home/milena/Dev/js/twitter-clone/src","kind":"discover"}
[13:51:17.959] Explicitly included types: []
[13:51:17.960] Inferred typings from unresolved imports: ["firebase"]
[13:51:17.960] Result: {"cachedTypingPaths":[],"newTypingNames":["firebase"],"filesToWatch":["/home/milena/Dev/js/twitter-clone/src/utils/bower_components","/home/milena/Dev/js/twitter-clone/src/utils/node_modules","/home/milena/Dev/js/twitter-clone/src/bower_components","/home/milena/Dev/js/twitter-clone/src/node_modules"]}
[13:51:17.960] Finished typings discovery: {"cachedTypingPaths":[],"newTypingNames":["firebase"],"filesToWatch":["/home/milena/Dev/js/twitter-clone/src/utils/bower_components","/home/milena/Dev/js/twitter-clone/src/utils/node_modules","/home/milena/Dev/js/twitter-clone/src/bower_components","/home/milena/Dev/js/twitter-clone/src/node_modules"]}
[13:51:17.960] Installing typings ["firebase"]
[13:51:17.960] 'firebase':: Entry for package 'firebase' does not exist in local types registry - skipping...
[13:51:17.961] All typings are known to be missing or invalid - no need to install more typings
[13:51:17.961] Sending response:
    {"projectName":"/dev/null/inferredProject3*","typeAcquisition":{"enable":true,"include":[],"exclude":[]},"compilerOptions":{"module":1,"target":3,"jsx":1,"allowJs":true,"allowSyntheticDefaultImports":true,"allowNonTsExtensions":true,"noEmitForJsFiles":true,"maxNodeModuleJsDepth":2},"typings":[],"unresolvedImports":["firebase"],"kind":"action::set"}
[13:51:17.961] Response has been sent.
[13:51:19.548] Got install request {"projectName":"/dev/null/inferredProject3*","fileNames":["/home/milena/Dev/js/twitter-clone/node_modules/typescript/lib/lib.es5.d.ts","/home/milena/Dev/js/twitter-clone/node_modules/typescript/lib/lib.es2015.d.ts","/home/milena/Dev/js/twitter-clone/node_modules/typescript/lib/lib.es2016.d.ts","/home/milena/Dev/js/twitter-clone/node_modules/typescript/lib/lib.dom.d.ts","/home/milena/Dev/js/twitter-clone/node_modules/typescript/lib/lib.dom.iterable.d.ts","/home/milena/Dev/js/twitter-clone/node_modules/typescript/lib/lib.webworker.importscripts.d.ts","/home/milena/Dev/js/twitter-clone/node_modules/typescript/lib/lib.scripthost.d.ts","/home/milena/Dev/js/twitter-clone/node_modules/typescript/lib/lib.es2015.core.d.ts","/home/milena/Dev/js/twitter-clone/node_modules/typescript/lib/lib.es2015.collection.d.ts","/home/milena/Dev/js/twitter-clone/node_modules/typescript/lib/lib.es2015.generator.d.ts","/home/milena/Dev/js/twitter-clone/node_modules/typescript/lib/lib.es2015.iterable.d.ts","/home/milena/Dev/js/twitter-clone/node_modules/typescript/lib/lib.es2015.promise.d.ts","/home/milena/Dev/js/twitter-clone/node_modules/typescript/lib/lib.es2015.proxy.d.ts","/home/milena/Dev/js/twitter-clone/node_modules/typescript/lib/lib.es2015.reflect.d.ts","/home/milena/Dev/js/twitter-clone/node_modules/typescript/lib/lib.es2015.symbol.d.ts","/home/milena/Dev/js/twitter-clone/node_modules/typescript/lib/lib.es2015.symbol.wellknown.d.ts","/home/milena/Dev/js/twitter-clone/node_modules/typescript/lib/lib.es2016.array.include.d.ts","/home/milena/Dev/js/twitter-clone/node_modules/typescript/lib/lib.es2016.full.d.ts","/home/milena/Dev/js/twitter-clone/src/utils/firestore.js","/home/milena/Dev/js/twitter-clone/src/createTweet.js","/home/milena/Dev/js/twitter-clone/src/ImageInput.js","/home/milena/Dev/js/twitter-clone/src/EmojiPicker.js","/home/milena/Dev/js/twitter-clone/src/ProfilePic.js","/home/milena/Dev/js/twitter-clone/src/NewTweet.js","/home/milena/Dev/js/twitter-clone/src/Tweet.js","/home/milena/Dev/js/twitter-clone/src/Home.js"],"compilerOptions":{"module":1,"target":3,"jsx":1,"allowJs":true,"allowSyntheticDefaultImports":true,"allowNonTsExtensions":true,"noEmitForJsFiles":true,"maxNodeModuleJsDepth":2},"typeAcquisition":{"enable":true,"include":[],"exclude":[]},"unresolvedImports":[],"projectRootPath":"/home/milena/Dev/js/twitter-clone/src","kind":"discover"}
[13:51:19.549] Explicitly included types: []
[13:51:19.550] Inferred typings from unresolved imports: []
[13:51:19.550] Result: {"cachedTypingPaths":[],"newTypingNames":[],"filesToWatch":["/home/milena/Dev/js/twitter-clone/src/utils/bower_components","/home/milena/Dev/js/twitter-clone/src/utils/node_modules","/home/milena/Dev/js/twitter-clone/src/bower_components","/home/milena/Dev/js/twitter-clone/src/node_modules"]}
[13:51:19.551] Finished typings discovery: {"cachedTypingPaths":[],"newTypingNames":[],"filesToWatch":["/home/milena/Dev/js/twitter-clone/src/utils/bower_components","/home/milena/Dev/js/twitter-clone/src/utils/node_modules","/home/milena/Dev/js/twitter-clone/src/bower_components","/home/milena/Dev/js/twitter-clone/src/node_modules"]}
[13:51:19.551] Sending response:
    {"projectName":"/dev/null/inferredProject3*","typeAcquisition":{"enable":true,"include":[],"exclude":[]},"compilerOptions":{"module":1,"target":3,"jsx":1,"allowJs":true,"allowSyntheticDefaultImports":true,"allowNonTsExtensions":true,"noEmitForJsFiles":true,"maxNodeModuleJsDepth":2},"typings":[],"unresolvedImports":[],"kind":"action::set"}
[13:51:19.552] Response has been sent.
[13:51:19.552] No new typings were requested as a result of typings discovery
[14:20:45.311] Got install request {"projectName":"/dev/null/inferredProject3*","fileNames":["/home/milena/Dev/js/twitter-clone/node_modules/typescript/lib/lib.es5.d.ts","/home/milena/Dev/js/twitter-clone/node_modules/typescript/lib/lib.es2015.d.ts","/home/milena/Dev/js/twitter-clone/node_modules/typescript/lib/lib.es2016.d.ts","/home/milena/Dev/js/twitter-clone/node_modules/typescript/lib/lib.dom.d.ts","/home/milena/Dev/js/twitter-clone/node_modules/typescript/lib/lib.dom.iterable.d.ts","/home/milena/Dev/js/twitter-clone/node_modules/typescript/lib/lib.webworker.importscripts.d.ts","/home/milena/Dev/js/twitter-clone/node_modules/typescript/lib/lib.scripthost.d.ts","/home/milena/Dev/js/twitter-clone/node_modules/typescript/lib/lib.es2015.core.d.ts","/home/milena/Dev/js/twitter-clone/node_modules/typescript/lib/lib.es2015.collection.d.ts","/home/milena/Dev/js/twitter-clone/node_modules/typescript/lib/lib.es2015.generator.d.ts","/home/milena/Dev/js/twitter-clone/node_modules/typescript/lib/lib.es2015.iterable.d.ts","/home/milena/Dev/js/twitter-clone/node_modules/typescript/lib/lib.es2015.promise.d.ts","/home/milena/Dev/js/twitter-clone/node_modules/typescript/lib/lib.es2015.proxy.d.ts","/home/milena/Dev/js/twitter-clone/node_modules/typescript/lib/lib.es2015.reflect.d.ts","/home/milena/Dev/js/twitter-clone/node_modules/typescript/lib/lib.es2015.symbol.d.ts","/home/milena/Dev/js/twitter-clone/node_modules/typescript/lib/lib.es2015.symbol.wellknown.d.ts","/home/milena/Dev/js/twitter-clone/node_modules/typescript/lib/lib.es2016.array.include.d.ts","/home/milena/Dev/js/twitter-clone/node_modules/typescript/lib/lib.es2016.full.d.ts","/home/milena/Dev/js/twitter-clone/src/utils/firestore.js","/home/milena/Dev/js/twitter-clone/src/createTweet.js","/home/milena/Dev/js/twitter-clone/src/ImageInput.js","/home/milena/Dev/js/twitter-clone/src/EmojiPicker.js","/home/milena/Dev/js/twitter-clone/src/ProfilePic.js","/home/milena/Dev/js/twitter-clone/src/NewTweet.js","/home/milena/Dev/js/twitter-clone/src/Tweet.js","/home/milena/Dev/js/twitter-clone/src/Home.js"],"compilerOptions":{"module":1,"target":3,"jsx":1,"allowJs":true,"allowSyntheticDefaultImports":true,"allowNonTsExtensions":true,"noEmitForJsFiles":true,"maxNodeModuleJsDepth":2},"typeAcquisition":{"enable":true,"include":[],"exclude":[]},"unresolvedImports":["firebase"],"projectRootPath":"/home/milena/Dev/js/twitter-clone/src","kind":"discover"}
[14:20:45.312] Explicitly included types: []
[14:20:45.312] Inferred typings from unresolved imports: ["firebase"]
[14:20:45.312] Result: {"cachedTypingPaths":[],"newTypingNames":["firebase"],"filesToWatch":["/home/milena/Dev/js/twitter-clone/src/utils/bower_components","/home/milena/Dev/js/twitter-clone/src/utils/node_modules","/home/milena/Dev/js/twitter-clone/src/bower_components","/home/milena/Dev/js/twitter-clone/src/node_modules"]}
[14:20:45.312] Finished typings discovery: {"cachedTypingPaths":[],"newTypingNames":["firebase"],"filesToWatch":["/home/milena/Dev/js/twitter-clone/src/utils/bower_components","/home/milena/Dev/js/twitter-clone/src/utils/node_modules","/home/milena/Dev/js/twitter-clone/src/bower_components","/home/milena/Dev/js/twitter-clone/src/node_modules"]}
[14:20:45.312] Installing typings ["firebase"]
[14:20:45.312] 'firebase':: Entry for package 'firebase' does not exist in local types registry - skipping...
[14:20:45.312] All typings are known to be missing or invalid - no need to install more typings
[14:20:45.312] Sending response:
    {"projectName":"/dev/null/inferredProject3*","typeAcquisition":{"enable":true,"include":[],"exclude":[]},"compilerOptions":{"module":1,"target":3,"jsx":1,"allowJs":true,"allowSyntheticDefaultImports":true,"allowNonTsExtensions":true,"noEmitForJsFiles":true,"maxNodeModuleJsDepth":2},"typings":[],"unresolvedImports":["firebase"],"kind":"action::set"}
[14:20:45.312] Response has been sent.
[14:50:22.334] Got install request {"projectName":"/dev/null/inferredProject3*","fileNames":["/home/milena/Dev/js/twitter-clone/node_modules/typescript/lib/lib.es5.d.ts","/home/milena/Dev/js/twitter-clone/node_modules/typescript/lib/lib.es2015.d.ts","/home/milena/Dev/js/twitter-clone/node_modules/typescript/lib/lib.es2016.d.ts","/home/milena/Dev/js/twitter-clone/node_modules/typescript/lib/lib.dom.d.ts","/home/milena/Dev/js/twitter-clone/node_modules/typescript/lib/lib.dom.iterable.d.ts","/home/milena/Dev/js/twitter-clone/node_modules/typescript/lib/lib.webworker.importscripts.d.ts","/home/milena/Dev/js/twitter-clone/node_modules/typescript/lib/lib.scripthost.d.ts","/home/milena/Dev/js/twitter-clone/node_modules/typescript/lib/lib.es2015.core.d.ts","/home/milena/Dev/js/twitter-clone/node_modules/typescript/lib/lib.es2015.collection.d.ts","/home/milena/Dev/js/twitter-clone/node_modules/typescript/lib/lib.es2015.generator.d.ts","/home/milena/Dev/js/twitter-clone/node_modules/typescript/lib/lib.es2015.iterable.d.ts","/home/milena/Dev/js/twitter-clone/node_modules/typescript/lib/lib.es2015.promise.d.ts","/home/milena/Dev/js/twitter-clone/node_modules/typescript/lib/lib.es2015.proxy.d.ts","/home/milena/Dev/js/twitter-clone/node_modules/typescript/lib/lib.es2015.reflect.d.ts","/home/milena/Dev/js/twitter-clone/node_modules/typescript/lib/lib.es2015.symbol.d.ts","/home/milena/Dev/js/twitter-clone/node_modules/typescript/lib/lib.es2015.symbol.wellknown.d.ts","/home/milena/Dev/js/twitter-clone/node_modules/typescript/lib/lib.es2016.array.include.d.ts","/home/milena/Dev/js/twitter-clone/node_modules/typescript/lib/lib.es2016.full.d.ts","/home/milena/Dev/js/twitter-clone/src/utils/firestore.js","/home/milena/Dev/js/twitter-clone/src/createTweet.js","/home/milena/Dev/js/twitter-clone/src/ImageInput.js","/home/milena/Dev/js/twitter-clone/src/EmojiPicker.js","/home/milena/Dev/js/twitter-clone/src/ProfilePic.js","/home/milena/Dev/js/twitter-clone/src/NewTweet.js","/home/milena/Dev/js/twitter-clone/src/Tweet.js","/home/milena/Dev/js/twitter-clone/src/Home.js"],"compilerOptions":{"module":1,"target":3,"jsx":1,"allowJs":true,"allowSyntheticDefaultImports":true,"allowNonTsExtensions":true,"noEmitForJsFiles":true,"maxNodeModuleJsDepth":2},"typeAcquisition":{"enable":true,"include":[],"exclude":[]},"unresolvedImports":["fire","firebase"],"projectRootPath":"/home/milena/Dev/js/twitter-clone/src","kind":"discover"}
[14:50:22.334] Explicitly included types: []
[14:50:22.335] Inferred typings from unresolved imports: ["fire","firebase"]
[14:50:22.335] Result: {"cachedTypingPaths":[],"newTypingNames":["fire","firebase"],"filesToWatch":["/home/milena/Dev/js/twitter-clone/src/utils/bower_components","/home/milena/Dev/js/twitter-clone/src/utils/node_modules","/home/milena/Dev/js/twitter-clone/src/bower_components","/home/milena/Dev/js/twitter-clone/src/node_modules"]}
[14:50:22.336] Finished typings discovery: {"cachedTypingPaths":[],"newTypingNames":["fire","firebase"],"filesToWatch":["/home/milena/Dev/js/twitter-clone/src/utils/bower_components","/home/milena/Dev/js/twitter-clone/src/utils/node_modules","/home/milena/Dev/js/twitter-clone/src/bower_components","/home/milena/Dev/js/twitter-clone/src/node_modules"]}
[14:50:22.336] Installing typings ["fire","firebase"]
[14:50:22.336] 'fire':: Entry for package 'fire' does not exist in local types registry - skipping...
[14:50:22.336] 'firebase':: Entry for package 'firebase' does not exist in local types registry - skipping...
[14:50:22.336] All typings are known to be missing or invalid - no need to install more typings
[14:50:22.336] Sending response:
    {"projectName":"/dev/null/inferredProject3*","typeAcquisition":{"enable":true,"include":[],"exclude":[]},"compilerOptions":{"module":1,"target":3,"jsx":1,"allowJs":true,"allowSyntheticDefaultImports":true,"allowNonTsExtensions":true,"noEmitForJsFiles":true,"maxNodeModuleJsDepth":2},"typings":[],"unresolvedImports":["fire","firebase"],"kind":"action::set"}
[14:50:22.336] Response has been sent.
[14:50:22.867] Got install request {"projectName":"/dev/null/inferredProject3*","fileNames":["/home/milena/Dev/js/twitter-clone/node_modules/typescript/lib/lib.es5.d.ts","/home/milena/Dev/js/twitter-clone/node_modules/typescript/lib/lib.es2015.d.ts","/home/milena/Dev/js/twitter-clone/node_modules/typescript/lib/lib.es2016.d.ts","/home/milena/Dev/js/twitter-clone/node_modules/typescript/lib/lib.dom.d.ts","/home/milena/Dev/js/twitter-clone/node_modules/typescript/lib/lib.dom.iterable.d.ts","/home/milena/Dev/js/twitter-clone/node_modules/typescript/lib/lib.webworker.importscripts.d.ts","/home/milena/Dev/js/twitter-clone/node_modules/typescript/lib/lib.scripthost.d.ts","/home/milena/Dev/js/twitter-clone/node_modules/typescript/lib/lib.es2015.core.d.ts","/home/milena/Dev/js/twitter-clone/node_modules/typescript/lib/lib.es2015.collection.d.ts","/home/milena/Dev/js/twitter-clone/node_modules/typescript/lib/lib.es2015.generator.d.ts","/home/milena/Dev/js/twitter-clone/node_modules/typescript/lib/lib.es2015.iterable.d.ts","/home/milena/Dev/js/twitter-clone/node_modules/typescript/lib/lib.es2015.promise.d.ts","/home/milena/Dev/js/twitter-clone/node_modules/typescript/lib/lib.es2015.proxy.d.ts","/home/milena/Dev/js/twitter-clone/node_modules/typescript/lib/lib.es2015.reflect.d.ts","/home/milena/Dev/js/twitter-clone/node_modules/typescript/lib/lib.es2015.symbol.d.ts","/home/milena/Dev/js/twitter-clone/node_modules/typescript/lib/lib.es2015.symbol.wellknown.d.ts","/home/milena/Dev/js/twitter-clone/node_modules/typescript/lib/lib.es2016.array.include.d.ts","/home/milena/Dev/js/twitter-clone/node_modules/typescript/lib/lib.es2016.full.d.ts","/home/milena/Dev/js/twitter-clone/src/utils/firestore.js","/home/milena/Dev/js/twitter-clone/src/createTweet.js","/home/milena/Dev/js/twitter-clone/src/ImageInput.js","/home/milena/Dev/js/twitter-clone/src/EmojiPicker.js","/home/milena/Dev/js/twitter-clone/src/ProfilePic.js","/home/milena/Dev/js/twitter-clone/src/NewTweet.js","/home/milena/Dev/js/twitter-clone/src/Tweet.js","/home/milena/Dev/js/twitter-clone/src/Home.js"],"compilerOptions":{"module":1,"target":3,"jsx":1,"allowJs":true,"allowSyntheticDefaultImports":true,"allowNonTsExtensions":true,"noEmitForJsFiles":true,"maxNodeModuleJsDepth":2},"typeAcquisition":{"enable":true,"include":[],"exclude":[]},"unresolvedImports":["fireba","firebase"],"projectRootPath":"/home/milena/Dev/js/twitter-clone/src","kind":"discover"}
[14:50:22.867] Explicitly included types: []
[14:50:22.867] Inferred typings from unresolved imports: ["fireba","firebase"]
[14:50:22.868] Result: {"cachedTypingPaths":[],"newTypingNames":["fireba","firebase"],"filesToWatch":["/home/milena/Dev/js/twitter-clone/src/utils/bower_components","/home/milena/Dev/js/twitter-clone/src/utils/node_modules","/home/milena/Dev/js/twitter-clone/src/bower_components","/home/milena/Dev/js/twitter-clone/src/node_modules"]}
[14:50:22.868] Finished typings discovery: {"cachedTypingPaths":[],"newTypingNames":["fireba","firebase"],"filesToWatch":["/home/milena/Dev/js/twitter-clone/src/utils/bower_components","/home/milena/Dev/js/twitter-clone/src/utils/node_modules","/home/milena/Dev/js/twitter-clone/src/bower_components","/home/milena/Dev/js/twitter-clone/src/node_modules"]}
[14:50:22.868] Installing typings ["fireba","firebase"]
[14:50:22.868] 'fireba':: Entry for package 'fireba' does not exist in local types registry - skipping...
[14:50:22.868] 'firebase':: Entry for package 'firebase' does not exist in local types registry - skipping...
[14:50:22.868] All typings are known to be missing or invalid - no need to install more typings
[14:50:22.868] Sending response:
    {"projectName":"/dev/null/inferredProject3*","typeAcquisition":{"enable":true,"include":[],"exclude":[]},"compilerOptions":{"module":1,"target":3,"jsx":1,"allowJs":true,"allowSyntheticDefaultImports":true,"allowNonTsExtensions":true,"noEmitForJsFiles":true,"maxNodeModuleJsDepth":2},"typings":[],"unresolvedImports":["fireba","firebase"],"kind":"action::set"}
[14:50:22.868] Response has been sent.
[14:50:22.869] Got install request {"projectName":"/dev/null/inferredProject3*","fileNames":["/home/milena/Dev/js/twitter-clone/node_modules/typescript/lib/lib.es5.d.ts","/home/milena/Dev/js/twitter-clone/node_modules/typescript/lib/lib.es2015.d.ts","/home/milena/Dev/js/twitter-clone/node_modules/typescript/lib/lib.es2016.d.ts","/home/milena/Dev/js/twitter-clone/node_modules/typescript/lib/lib.dom.d.ts","/home/milena/Dev/js/twitter-clone/node_modules/typescript/lib/lib.dom.iterable.d.ts","/home/milena/Dev/js/twitter-clone/node_modules/typescript/lib/lib.webworker.importscripts.d.ts","/home/milena/Dev/js/twitter-clone/node_modules/typescript/lib/lib.scripthost.d.ts","/home/milena/Dev/js/twitter-clone/node_modules/typescript/lib/lib.es2015.core.d.ts","/home/milena/Dev/js/twitter-clone/node_modules/typescript/lib/lib.es2015.collection.d.ts","/home/milena/Dev/js/twitter-clone/node_modules/typescript/lib/lib.es2015.generator.d.ts","/home/milena/Dev/js/twitter-clone/node_modules/typescript/lib/lib.es2015.iterable.d.ts","/home/milena/Dev/js/twitter-clone/node_modules/typescript/lib/lib.es2015.promise.d.ts","/home/milena/Dev/js/twitter-clone/node_modules/typescript/lib/lib.es2015.proxy.d.ts","/home/milena/Dev/js/twitter-clone/node_modules/typescript/lib/lib.es2015.reflect.d.ts","/home/milena/Dev/js/twitter-clone/node_modules/typescript/lib/lib.es2015.symbol.d.ts","/home/milena/Dev/js/twitter-clone/node_modules/typescript/lib/lib.es2015.symbol.wellknown.d.ts","/home/milena/Dev/js/twitter-clone/node_modules/typescript/lib/lib.es2016.array.include.d.ts","/home/milena/Dev/js/twitter-clone/node_modules/typescript/lib/lib.es2016.full.d.ts","/home/milena/Dev/js/twitter-clone/src/utils/firestore.js","/home/milena/Dev/js/twitter-clone/src/createTweet.js","/home/milena/Dev/js/twitter-clone/src/ImageInput.js","/home/milena/Dev/js/twitter-clone/src/EmojiPicker.js","/home/milena/Dev/js/twitter-clone/src/ProfilePic.js","/home/milena/Dev/js/twitter-clone/src/NewTweet.js","/home/milena/Dev/js/twitter-clone/src/Tweet.js","/home/milena/Dev/js/twitter-clone/src/Home.js"],"compilerOptions":{"module":1,"target":3,"jsx":1,"allowJs":true,"allowSyntheticDefaultImports":true,"allowNonTsExtensions":true,"noEmitForJsFiles":true,"maxNodeModuleJsDepth":2},"typeAcquisition":{"enable":true,"include":[],"exclude":[]},"unresolvedImports":["firebas","firebase"],"projectRootPath":"/home/milena/Dev/js/twitter-clone/src","kind":"discover"}
[14:50:22.869] Explicitly included types: []
[14:50:22.869] Inferred typings from unresolved imports: ["firebas","firebase"]
[14:50:22.870] Result: {"cachedTypingPaths":[],"newTypingNames":["firebas","firebase"],"filesToWatch":["/home/milena/Dev/js/twitter-clone/src/utils/bower_components","/home/milena/Dev/js/twitter-clone/src/utils/node_modules","/home/milena/Dev/js/twitter-clone/src/bower_components","/home/milena/Dev/js/twitter-clone/src/node_modules"]}
[14:50:22.870] Finished typings discovery: {"cachedTypingPaths":[],"newTypingNames":["firebas","firebase"],"filesToWatch":["/home/milena/Dev/js/twitter-clone/src/utils/bower_components","/home/milena/Dev/js/twitter-clone/src/utils/node_modules","/home/milena/Dev/js/twitter-clone/src/bower_components","/home/milena/Dev/js/twitter-clone/src/node_modules"]}
[14:50:22.870] Installing typings ["firebas","firebase"]
[14:50:22.870] 'firebas':: Entry for package 'firebas' does not exist in local types registry - skipping...
[14:50:22.870] 'firebase':: Entry for package 'firebase' does not exist in local types registry - skipping...
[14:50:22.870] All typings are known to be missing or invalid - no need to install more typings
[14:50:22.870] Sending response:
    {"projectName":"/dev/null/inferredProject3*","typeAcquisition":{"enable":true,"include":[],"exclude":[]},"compilerOptions":{"module":1,"target":3,"jsx":1,"allowJs":true,"allowSyntheticDefaultImports":true,"allowNonTsExtensions":true,"noEmitForJsFiles":true,"maxNodeModuleJsDepth":2},"typings":[],"unresolvedImports":["firebas","firebase"],"kind":"action::set"}
[14:50:22.870] Response has been sent.
[14:50:23.088] Got install request {"projectName":"/dev/null/inferredProject3*","fileNames":["/home/milena/Dev/js/twitter-clone/node_modules/typescript/lib/lib.es5.d.ts","/home/milena/Dev/js/twitter-clone/node_modules/typescript/lib/lib.es2015.d.ts","/home/milena/Dev/js/twitter-clone/node_modules/typescript/lib/lib.es2016.d.ts","/home/milena/Dev/js/twitter-clone/node_modules/typescript/lib/lib.dom.d.ts","/home/milena/Dev/js/twitter-clone/node_modules/typescript/lib/lib.dom.iterable.d.ts","/home/milena/Dev/js/twitter-clone/node_modules/typescript/lib/lib.webworker.importscripts.d.ts","/home/milena/Dev/js/twitter-clone/node_modules/typescript/lib/lib.scripthost.d.ts","/home/milena/Dev/js/twitter-clone/node_modules/typescript/lib/lib.es2015.core.d.ts","/home/milena/Dev/js/twitter-clone/node_modules/typescript/lib/lib.es2015.collection.d.ts","/home/milena/Dev/js/twitter-clone/node_modules/typescript/lib/lib.es2015.generator.d.ts","/home/milena/Dev/js/twitter-clone/node_modules/typescript/lib/lib.es2015.iterable.d.ts","/home/milena/Dev/js/twitter-clone/node_modules/typescript/lib/lib.es2015.promise.d.ts","/home/milena/Dev/js/twitter-clone/node_modules/typescript/lib/lib.es2015.proxy.d.ts","/home/milena/Dev/js/twitter-clone/node_modules/typescript/lib/lib.es2015.reflect.d.ts","/home/milena/Dev/js/twitter-clone/node_modules/typescript/lib/lib.es2015.symbol.d.ts","/home/milena/Dev/js/twitter-clone/node_modules/typescript/lib/lib.es2015.symbol.wellknown.d.ts","/home/milena/Dev/js/twitter-clone/node_modules/typescript/lib/lib.es2016.array.include.d.ts","/home/milena/Dev/js/twitter-clone/node_modules/typescript/lib/lib.es2016.full.d.ts","/home/milena/Dev/js/twitter-clone/src/utils/firestore.js","/home/milena/Dev/js/twitter-clone/src/createTweet.js","/home/milena/Dev/js/twitter-clone/src/ImageInput.js","/home/milena/Dev/js/twitter-clone/src/EmojiPicker.js","/home/milena/Dev/js/twitter-clone/src/ProfilePic.js","/home/milena/Dev/js/twitter-clone/src/NewTweet.js","/home/milena/Dev/js/twitter-clone/src/Tweet.js","/home/milena/Dev/js/twitter-clone/src/Home.js"],"compilerOptions":{"module":1,"target":3,"jsx":1,"allowJs":true,"allowSyntheticDefaultImports":true,"allowNonTsExtensions":true,"noEmitForJsFiles":true,"maxNodeModuleJsDepth":2},"typeAcquisition":{"enable":true,"include":[],"exclude":[]},"unresolvedImports":["firebase"],"projectRootPath":"/home/milena/Dev/js/twitter-clone/src","kind":"discover"}
[14:50:23.088] Explicitly included types: []
[14:50:23.088] Inferred typings from unresolved imports: ["firebase"]
[14:50:23.088] Result: {"cachedTypingPaths":[],"newTypingNames":["firebase"],"filesToWatch":["/home/milena/Dev/js/twitter-clone/src/utils/bower_components","/home/milena/Dev/js/twitter-clone/src/utils/node_modules","/home/milena/Dev/js/twitter-clone/src/bower_components","/home/milena/Dev/js/twitter-clone/src/node_modules"]}
[14:50:23.088] Finished typings discovery: {"cachedTypingPaths":[],"newTypingNames":["firebase"],"filesToWatch":["/home/milena/Dev/js/twitter-clone/src/utils/bower_components","/home/milena/Dev/js/twitter-clone/src/utils/node_modules","/home/milena/Dev/js/twitter-clone/src/bower_components","/home/milena/Dev/js/twitter-clone/src/node_modules"]}
[14:50:23.089] Installing typings ["firebase"]
[14:50:23.089] 'firebase':: Entry for package 'firebase' does not exist in local types registry - skipping...
[14:50:23.089] All typings are known to be missing or invalid - no need to install more typings
[14:50:23.089] Sending response:
    {"projectName":"/dev/null/inferredProject3*","typeAcquisition":{"enable":true,"include":[],"exclude":[]},"compilerOptions":{"module":1,"target":3,"jsx":1,"allowJs":true,"allowSyntheticDefaultImports":true,"allowNonTsExtensions":true,"noEmitForJsFiles":true,"maxNodeModuleJsDepth":2},"typings":[],"unresolvedImports":["firebase"],"kind":"action::set"}
[14:50:23.089] Response has been sent.
[07:02:23.721] Got install request {"projectName":"/dev/null/inferredProject4*","fileNames":["/home/milena/Dev/js/twitter-clone/node_modules/typescript/lib/lib.es5.d.ts","/home/milena/Dev/js/twitter-clone/node_modules/typescript/lib/lib.es2015.d.ts","/home/milena/Dev/js/twitter-clone/node_modules/typescript/lib/lib.es2016.d.ts","/home/milena/Dev/js/twitter-clone/node_modules/typescript/lib/lib.dom.d.ts","/home/milena/Dev/js/twitter-clone/node_modules/typescript/lib/lib.dom.iterable.d.ts","/home/milena/Dev/js/twitter-clone/node_modules/typescript/lib/lib.webworker.importscripts.d.ts","/home/milena/Dev/js/twitter-clone/node_modules/typescript/lib/lib.scripthost.d.ts","/home/milena/Dev/js/twitter-clone/node_modules/typescript/lib/lib.es2015.core.d.ts","/home/milena/Dev/js/twitter-clone/node_modules/typescript/lib/lib.es2015.collection.d.ts","/home/milena/Dev/js/twitter-clone/node_modules/typescript/lib/lib.es2015.generator.d.ts","/home/milena/Dev/js/twitter-clone/node_modules/typescript/lib/lib.es2015.iterable.d.ts","/home/milena/Dev/js/twitter-clone/node_modules/typescript/lib/lib.es2015.promise.d.ts","/home/milena/Dev/js/twitter-clone/node_modules/typescript/lib/lib.es2015.proxy.d.ts","/home/milena/Dev/js/twitter-clone/node_modules/typescript/lib/lib.es2015.reflect.d.ts","/home/milena/Dev/js/twitter-clone/node_modules/typescript/lib/lib.es2015.symbol.d.ts","/home/milena/Dev/js/twitter-clone/node_modules/typescript/lib/lib.es2015.symbol.wellknown.d.ts","/home/milena/Dev/js/twitter-clone/node_modules/typescript/lib/lib.es2016.array.include.d.ts","/home/milena/Dev/js/twitter-clone/node_modules/typescript/lib/lib.es2016.full.d.ts","/home/milena/Dev/js/twitter-clone/src/getDateTime.js"],"compilerOptions":{"module":1,"target":3,"jsx":1,"allowJs":true,"allowSyntheticDefaultImports":true,"allowNonTsExtensions":true,"noEmitForJsFiles":true,"maxNodeModuleJsDepth":2},"typeAcquisition":{"enable":true,"include":[],"exclude":[]},"unresolvedImports":[],"projectRootPath":"/home/milena/Dev/js/twitter-clone/src","kind":"discover"}
[07:02:23.723] Explicitly included types: []
[07:02:23.723] Inferred typings from unresolved imports: []
[07:02:23.723] Result: {"cachedTypingPaths":[],"newTypingNames":[],"filesToWatch":["/home/milena/Dev/js/twitter-clone/src/bower_components","/home/milena/Dev/js/twitter-clone/src/node_modules"]}
[07:02:23.723] Finished typings discovery: {"cachedTypingPaths":[],"newTypingNames":[],"filesToWatch":["/home/milena/Dev/js/twitter-clone/src/bower_components","/home/milena/Dev/js/twitter-clone/src/node_modules"]}
[07:02:23.724] DirectoryWatcher:: Added:: WatchInfo: /home/milena/Dev/js/twitter-clone/src/bower_components
[07:02:23.724] DirectoryWatcher:: Added:: WatchInfo: /home/milena/Dev/js/twitter-clone/src/bower_components 1 undefined Project: /dev/null/inferredProject4* watcher already invoked: false
[07:02:23.724] Elapsed:: 0.07347599416971207ms DirectoryWatcher:: Added:: WatchInfo: /home/milena/Dev/js/twitter-clone/src/bower_components 1 undefined Project: /dev/null/inferredProject4* watcher already invoked: false
[07:02:23.724] DirectoryWatcher:: Added:: WatchInfo: /home/milena/Dev/js/twitter-clone/src/node_modules
[07:02:23.724] DirectoryWatcher:: Added:: WatchInfo: /home/milena/Dev/js/twitter-clone/src/node_modules 1 undefined Project: /dev/null/inferredProject4* watcher already invoked: false
[07:02:23.725] Elapsed:: 0.05305100232362747ms DirectoryWatcher:: Added:: WatchInfo: /home/milena/Dev/js/twitter-clone/src/node_modules 1 undefined Project: /dev/null/inferredProject4* watcher already invoked: false
[07:02:23.725] Sending response:
    {"projectName":"/dev/null/inferredProject4*","typeAcquisition":{"enable":true,"include":[],"exclude":[]},"compilerOptions":{"module":1,"target":3,"jsx":1,"allowJs":true,"allowSyntheticDefaultImports":true,"allowNonTsExtensions":true,"noEmitForJsFiles":true,"maxNodeModuleJsDepth":2},"typings":[],"unresolvedImports":[],"kind":"action::set"}
[07:02:23.725] Response has been sent.
[07:02:23.725] No new typings were requested as a result of typings discovery
[09:44:19.569] Got install request {"projectName":"/dev/null/inferredProject3*","fileNames":["/home/milena/Dev/js/twitter-clone/node_modules/typescript/lib/lib.es5.d.ts","/home/milena/Dev/js/twitter-clone/node_modules/typescript/lib/lib.es2015.d.ts","/home/milena/Dev/js/twitter-clone/node_modules/typescript/lib/lib.es2016.d.ts","/home/milena/Dev/js/twitter-clone/node_modules/typescript/lib/lib.dom.d.ts","/home/milena/Dev/js/twitter-clone/node_modules/typescript/lib/lib.dom.iterable.d.ts","/home/milena/Dev/js/twitter-clone/node_modules/typescript/lib/lib.webworker.importscripts.d.ts","/home/milena/Dev/js/twitter-clone/node_modules/typescript/lib/lib.scripthost.d.ts","/home/milena/Dev/js/twitter-clone/node_modules/typescript/lib/lib.es2015.core.d.ts","/home/milena/Dev/js/twitter-clone/node_modules/typescript/lib/lib.es2015.collection.d.ts","/home/milena/Dev/js/twitter-clone/node_modules/typescript/lib/lib.es2015.generator.d.ts","/home/milena/Dev/js/twitter-clone/node_modules/typescript/lib/lib.es2015.iterable.d.ts","/home/milena/Dev/js/twitter-clone/node_modules/typescript/lib/lib.es2015.promise.d.ts","/home/milena/Dev/js/twitter-clone/node_modules/typescript/lib/lib.es2015.proxy.d.ts","/home/milena/Dev/js/twitter-clone/node_modules/typescript/lib/lib.es2015.reflect.d.ts","/home/milena/Dev/js/twitter-clone/node_modules/typescript/lib/lib.es2015.symbol.d.ts","/home/milena/Dev/js/twitter-clone/node_modules/typescript/lib/lib.es2015.symbol.wellknown.d.ts","/home/milena/Dev/js/twitter-clone/node_modules/typescript/lib/lib.es2016.array.include.d.ts","/home/milena/Dev/js/twitter-clone/node_modules/typescript/lib/lib.es2016.full.d.ts","/home/milena/Dev/js/twitter-clone/src/utils/firestore.js","/home/milena/Dev/js/twitter-clone/src/createTweet.js","/home/milena/Dev/js/twitter-clone/src/ImageInput.js","/home/milena/Dev/js/twitter-clone/src/EmojiPicker.js","/home/milena/Dev/js/twitter-clone/src/ProfilePic.js","/home/milena/Dev/js/twitter-clone/src/NewTweet.js","/home/milena/Dev/js/twitter-clone/src/Tweet.js","/home/milena/Dev/js/twitter-clone/src/Home.js"],"compilerOptions":{"module":1,"target":3,"jsx":1,"allowJs":true,"allowSyntheticDefaultImports":true,"allowNonTsExtensions":true,"noEmitForJsFiles":true,"maxNodeModuleJsDepth":2},"typeAcquisition":{"enable":true,"include":[],"exclude":[]},"unresolvedImports":["f"],"projectRootPath":"/home/milena/Dev/js/twitter-clone/src","kind":"discover"}
[09:44:19.571] Explicitly included types: []
[09:44:19.572] Inferred typings from unresolved imports: ["f"]
[09:44:19.573] Result: {"cachedTypingPaths":[],"newTypingNames":["f"],"filesToWatch":["/home/milena/Dev/js/twitter-clone/src/utils/bower_components","/home/milena/Dev/js/twitter-clone/src/utils/node_modules","/home/milena/Dev/js/twitter-clone/src/bower_components","/home/milena/Dev/js/twitter-clone/src/node_modules"]}
[09:44:19.573] Finished typings discovery: {"cachedTypingPaths":[],"newTypingNames":["f"],"filesToWatch":["/home/milena/Dev/js/twitter-clone/src/utils/bower_components","/home/milena/Dev/js/twitter-clone/src/utils/node_modules","/home/milena/Dev/js/twitter-clone/src/bower_components","/home/milena/Dev/js/twitter-clone/src/node_modules"]}
[09:44:19.573] Installing typings ["f"]
[09:44:19.574] 'f':: Entry for package 'f' does not exist in local types registry - skipping...
[09:44:19.574] All typings are known to be missing or invalid - no need to install more typings
[09:44:19.574] Sending response:
    {"projectName":"/dev/null/inferredProject3*","typeAcquisition":{"enable":true,"include":[],"exclude":[]},"compilerOptions":{"module":1,"target":3,"jsx":1,"allowJs":true,"allowSyntheticDefaultImports":true,"allowNonTsExtensions":true,"noEmitForJsFiles":true,"maxNodeModuleJsDepth":2},"typings":[],"unresolvedImports":["f"],"kind":"action::set"}
[09:44:19.574] Response has been sent.
[09:44:19.683] Got install request {"projectName":"/dev/null/inferredProject3*","fileNames":["/home/milena/Dev/js/twitter-clone/node_modules/typescript/lib/lib.es5.d.ts","/home/milena/Dev/js/twitter-clone/node_modules/typescript/lib/lib.es2015.d.ts","/home/milena/Dev/js/twitter-clone/node_modules/typescript/lib/lib.es2016.d.ts","/home/milena/Dev/js/twitter-clone/node_modules/typescript/lib/lib.dom.d.ts","/home/milena/Dev/js/twitter-clone/node_modules/typescript/lib/lib.dom.iterable.d.ts","/home/milena/Dev/js/twitter-clone/node_modules/typescript/lib/lib.webworker.importscripts.d.ts","/home/milena/Dev/js/twitter-clone/node_modules/typescript/lib/lib.scripthost.d.ts","/home/milena/Dev/js/twitter-clone/node_modules/typescript/lib/lib.es2015.core.d.ts","/home/milena/Dev/js/twitter-clone/node_modules/typescript/lib/lib.es2015.collection.d.ts","/home/milena/Dev/js/twitter-clone/node_modules/typescript/lib/lib.es2015.generator.d.ts","/home/milena/Dev/js/twitter-clone/node_modules/typescript/lib/lib.es2015.iterable.d.ts","/home/milena/Dev/js/twitter-clone/node_modules/typescript/lib/lib.es2015.promise.d.ts","/home/milena/Dev/js/twitter-clone/node_modules/typescript/lib/lib.es2015.proxy.d.ts","/home/milena/Dev/js/twitter-clone/node_modules/typescript/lib/lib.es2015.reflect.d.ts","/home/milena/Dev/js/twitter-clone/node_modules/typescript/lib/lib.es2015.symbol.d.ts","/home/milena/Dev/js/twitter-clone/node_modules/typescript/lib/lib.es2015.symbol.wellknown.d.ts","/home/milena/Dev/js/twitter-clone/node_modules/typescript/lib/lib.es2016.array.include.d.ts","/home/milena/Dev/js/twitter-clone/node_modules/typescript/lib/lib.es2016.full.d.ts","/home/milena/Dev/js/twitter-clone/src/utils/firestore.js","/home/milena/Dev/js/twitter-clone/src/createTweet.js","/home/milena/Dev/js/twitter-clone/src/ImageInput.js","/home/milena/Dev/js/twitter-clone/src/EmojiPicker.js","/home/milena/Dev/js/twitter-clone/src/ProfilePic.js","/home/milena/Dev/js/twitter-clone/src/NewTweet.js","/home/milena/Dev/js/twitter-clone/src/Tweet.js","/home/milena/Dev/js/twitter-clone/src/Home.js"],"compilerOptions":{"module":1,"target":3,"jsx":1,"allowJs":true,"allowSyntheticDefaultImports":true,"allowNonTsExtensions":true,"noEmitForJsFiles":true,"maxNodeModuleJsDepth":2},"typeAcquisition":{"enable":true,"include":[],"exclude":[]},"unresolvedImports":["fire"],"projectRootPath":"/home/milena/Dev/js/twitter-clone/src","kind":"discover"}
[09:44:19.683] Explicitly included types: []
[09:44:19.684] Inferred typings from unresolved imports: ["fire"]
[09:44:19.684] Result: {"cachedTypingPaths":[],"newTypingNames":["fire"],"filesToWatch":["/home/milena/Dev/js/twitter-clone/src/utils/bower_components","/home/milena/Dev/js/twitter-clone/src/utils/node_modules","/home/milena/Dev/js/twitter-clone/src/bower_components","/home/milena/Dev/js/twitter-clone/src/node_modules"]}
[09:44:19.684] Finished typings discovery: {"cachedTypingPaths":[],"newTypingNames":["fire"],"filesToWatch":["/home/milena/Dev/js/twitter-clone/src/utils/bower_components","/home/milena/Dev/js/twitter-clone/src/utils/node_modules","/home/milena/Dev/js/twitter-clone/src/bower_components","/home/milena/Dev/js/twitter-clone/src/node_modules"]}
[09:44:19.684] Installing typings ["fire"]
[09:44:19.685] 'fire':: Entry for package 'fire' does not exist in local types registry - skipping...
[09:44:19.685] All typings are known to be missing or invalid - no need to install more typings
[09:44:19.685] Sending response:
    {"projectName":"/dev/null/inferredProject3*","typeAcquisition":{"enable":true,"include":[],"exclude":[]},"compilerOptions":{"module":1,"target":3,"jsx":1,"allowJs":true,"allowSyntheticDefaultImports":true,"allowNonTsExtensions":true,"noEmitForJsFiles":true,"maxNodeModuleJsDepth":2},"typings":[],"unresolvedImports":["fire"],"kind":"action::set"}
[09:44:19.685] Response has been sent.
[09:44:20.829] Got install request {"projectName":"/dev/null/inferredProject3*","fileNames":["/home/milena/Dev/js/twitter-clone/node_modules/typescript/lib/lib.es5.d.ts","/home/milena/Dev/js/twitter-clone/node_modules/typescript/lib/lib.es2015.d.ts","/home/milena/Dev/js/twitter-clone/node_modules/typescript/lib/lib.es2016.d.ts","/home/milena/Dev/js/twitter-clone/node_modules/typescript/lib/lib.dom.d.ts","/home/milena/Dev/js/twitter-clone/node_modules/typescript/lib/lib.dom.iterable.d.ts","/home/milena/Dev/js/twitter-clone/node_modules/typescript/lib/lib.webworker.importscripts.d.ts","/home/milena/Dev/js/twitter-clone/node_modules/typescript/lib/lib.scripthost.d.ts","/home/milena/Dev/js/twitter-clone/node_modules/typescript/lib/lib.es2015.core.d.ts","/home/milena/Dev/js/twitter-clone/node_modules/typescript/lib/lib.es2015.collection.d.ts","/home/milena/Dev/js/twitter-clone/node_modules/typescript/lib/lib.es2015.generator.d.ts","/home/milena/Dev/js/twitter-clone/node_modules/typescript/lib/lib.es2015.iterable.d.ts","/home/milena/Dev/js/twitter-clone/node_modules/typescript/lib/lib.es2015.promise.d.ts","/home/milena/Dev/js/twitter-clone/node_modules/typescript/lib/lib.es2015.proxy.d.ts","/home/milena/Dev/js/twitter-clone/node_modules/typescript/lib/lib.es2015.reflect.d.ts","/home/milena/Dev/js/twitter-clone/node_modules/typescript/lib/lib.es2015.symbol.d.ts","/home/milena/Dev/js/twitter-clone/node_modules/typescript/lib/lib.es2015.symbol.wellknown.d.ts","/home/milena/Dev/js/twitter-clone/node_modules/typescript/lib/lib.es2016.array.include.d.ts","/home/milena/Dev/js/twitter-clone/node_modules/typescript/lib/lib.es2016.full.d.ts","/home/milena/Dev/js/twitter-clone/src/utils/firestore.js","/home/milena/Dev/js/twitter-clone/src/createTweet.js","/home/milena/Dev/js/twitter-clone/src/ImageInput.js","/home/milena/Dev/js/twitter-clone/src/EmojiPicker.js","/home/milena/Dev/js/twitter-clone/src/ProfilePic.js","/home/milena/Dev/js/twitter-clone/src/NewTweet.js","/home/milena/Dev/js/twitter-clone/src/Tweet.js","/home/milena/Dev/js/twitter-clone/src/Home.js"],"compilerOptions":{"module":1,"target":3,"jsx":1,"allowJs":true,"allowSyntheticDefaultImports":true,"allowNonTsExtensions":true,"noEmitForJsFiles":true,"maxNodeModuleJsDepth":2},"typeAcquisition":{"enable":true,"include":[],"exclude":[]},"unresolvedImports":["firebase"],"projectRootPath":"/home/milena/Dev/js/twitter-clone/src","kind":"discover"}
[09:44:20.829] Explicitly included types: []
[09:44:20.830] Inferred typings from unresolved imports: ["firebase"]
[09:44:20.830] Result: {"cachedTypingPaths":[],"newTypingNames":["firebase"],"filesToWatch":["/home/milena/Dev/js/twitter-clone/src/utils/bower_components","/home/milena/Dev/js/twitter-clone/src/utils/node_modules","/home/milena/Dev/js/twitter-clone/src/bower_components","/home/milena/Dev/js/twitter-clone/src/node_modules"]}
[09:44:20.830] Finished typings discovery: {"cachedTypingPaths":[],"newTypingNames":["firebase"],"filesToWatch":["/home/milena/Dev/js/twitter-clone/src/utils/bower_components","/home/milena/Dev/js/twitter-clone/src/utils/node_modules","/home/milena/Dev/js/twitter-clone/src/bower_components","/home/milena/Dev/js/twitter-clone/src/node_modules"]}
[09:44:20.830] Installing typings ["firebase"]
[09:44:20.830] 'firebase':: Entry for package 'firebase' does not exist in local types registry - skipping...
[09:44:20.830] All typings are known to be missing or invalid - no need to install more typings
[09:44:20.830] Sending response:
    {"projectName":"/dev/null/inferredProject3*","typeAcquisition":{"enable":true,"include":[],"exclude":[]},"compilerOptions":{"module":1,"target":3,"jsx":1,"allowJs":true,"allowSyntheticDefaultImports":true,"allowNonTsExtensions":true,"noEmitForJsFiles":true,"maxNodeModuleJsDepth":2},"typings":[],"unresolvedImports":["firebase"],"kind":"action::set"}
[09:44:20.831] Response has been sent.
[10:03:38.512] Got install request {"projectName":"/dev/null/inferredProject3*","fileNames":["/home/milena/Dev/js/twitter-clone/node_modules/typescript/lib/lib.es5.d.ts","/home/milena/Dev/js/twitter-clone/node_modules/typescript/lib/lib.es2015.d.ts","/home/milena/Dev/js/twitter-clone/node_modules/typescript/lib/lib.es2016.d.ts","/home/milena/Dev/js/twitter-clone/node_modules/typescript/lib/lib.dom.d.ts","/home/milena/Dev/js/twitter-clone/node_modules/typescript/lib/lib.dom.iterable.d.ts","/home/milena/Dev/js/twitter-clone/node_modules/typescript/lib/lib.webworker.importscripts.d.ts","/home/milena/Dev/js/twitter-clone/node_modules/typescript/lib/lib.scripthost.d.ts","/home/milena/Dev/js/twitter-clone/node_modules/typescript/lib/lib.es2015.core.d.ts","/home/milena/Dev/js/twitter-clone/node_modules/typescript/lib/lib.es2015.collection.d.ts","/home/milena/Dev/js/twitter-clone/node_modules/typescript/lib/lib.es2015.generator.d.ts","/home/milena/Dev/js/twitter-clone/node_modules/typescript/lib/lib.es2015.iterable.d.ts","/home/milena/Dev/js/twitter-clone/node_modules/typescript/lib/lib.es2015.promise.d.ts","/home/milena/Dev/js/twitter-clone/node_modules/typescript/lib/lib.es2015.proxy.d.ts","/home/milena/Dev/js/twitter-clone/node_modules/typescript/lib/lib.es2015.reflect.d.ts","/home/milena/Dev/js/twitter-clone/node_modules/typescript/lib/lib.es2015.symbol.d.ts","/home/milena/Dev/js/twitter-clone/node_modules/typescript/lib/lib.es2015.symbol.wellknown.d.ts","/home/milena/Dev/js/twitter-clone/node_modules/typescript/lib/lib.es2016.array.include.d.ts","/home/milena/Dev/js/twitter-clone/node_modules/typescript/lib/lib.es2016.full.d.ts","/home/milena/Dev/js/twitter-clone/src/utils/firestore.js","/home/milena/Dev/js/twitter-clone/src/createTweet.js","/home/milena/Dev/js/twitter-clone/src/ImageInput.js","/home/milena/Dev/js/twitter-clone/src/EmojiPicker.js","/home/milena/Dev/js/twitter-clone/src/ProfilePic.js","/home/milena/Dev/js/twitter-clone/src/NewTweet.js","/home/milena/Dev/js/twitter-clone/src/Tweet.js","/home/milena/Dev/js/twitter-clone/src/Home.js"],"compilerOptions":{"module":1,"target":3,"jsx":1,"allowJs":true,"allowSyntheticDefaultImports":true,"allowNonTsExtensions":true,"noEmitForJsFiles":true,"maxNodeModuleJsDepth":2},"typeAcquisition":{"enable":true,"include":[],"exclude":[]},"unresolvedImports":["firebase"],"projectRootPath":"/home/milena/Dev/js/twitter-clone/src","kind":"discover"}
[10:03:38.514] Explicitly included types: []
[10:03:38.514] Inferred typings from unresolved imports: ["firebase"]
[10:03:38.514] Result: {"cachedTypingPaths":[],"newTypingNames":["firebase"],"filesToWatch":["/home/milena/Dev/js/twitter-clone/src/utils/bower_components","/home/milena/Dev/js/twitter-clone/src/utils/node_modules","/home/milena/Dev/js/twitter-clone/src/bower_components","/home/milena/Dev/js/twitter-clone/src/node_modules"]}
[10:03:38.514] Finished typings discovery: {"cachedTypingPaths":[],"newTypingNames":["firebase"],"filesToWatch":["/home/milena/Dev/js/twitter-clone/src/utils/bower_components","/home/milena/Dev/js/twitter-clone/src/utils/node_modules","/home/milena/Dev/js/twitter-clone/src/bower_components","/home/milena/Dev/js/twitter-clone/src/node_modules"]}
[10:03:38.514] Installing typings ["firebase"]
[10:03:38.514] 'firebase':: Entry for package 'firebase' does not exist in local types registry - skipping...
[10:03:38.514] All typings are known to be missing or invalid - no need to install more typings
[10:03:38.514] Sending response:
    {"projectName":"/dev/null/inferredProject3*","typeAcquisition":{"enable":true,"include":[],"exclude":[]},"compilerOptions":{"module":1,"target":3,"jsx":1,"allowJs":true,"allowSyntheticDefaultImports":true,"allowNonTsExtensions":true,"noEmitForJsFiles":true,"maxNodeModuleJsDepth":2},"typings":[],"unresolvedImports":["firebase"],"kind":"action::set"}
[10:03:38.514] Response has been sent.
